{"/Users/rootadmin/es-nl2dsl/frontend/src/App.tsx": {"path":"/Users/rootadmin/es-nl2dsl/frontend/src/App.tsx","statementMap":{"0":{"start":{"line":1,"column":0},"end":{"line":1,"column":80}},"1":{"start":{"line":2,"column":0},"end":{"line":2,"column":73}},"2":{"start":{"line":3,"column":0},"end":{"line":3,"column":null}},"3":{"start":{"line":13,"column":0},"end":{"line":13,"column":52}},"4":{"start":{"line":14,"column":0},"end":{"line":14,"column":62}},"5":{"start":{"line":15,"column":0},"end":{"line":15,"column":54}},"6":{"start":{"line":16,"column":0},"end":{"line":16,"column":54}},"7":{"start":{"line":17,"column":0},"end":{"line":17,"column":46}},"8":{"start":{"line":18,"column":0},"end":{"line":18,"column":34}},"9":{"start":{"line":19,"column":0},"end":{"line":19,"column":63}},"10":{"start":{"line":21,"column":20},"end":{"line":41,"column":2}},"11":{"start":{"line":27,"column":8},"end":{"line":29,"column":9}},"12":{"start":{"line":28,"column":10},"end":{"line":28,"column":23}},"13":{"start":{"line":31,"column":8},"end":{"line":31,"column":32}},"14":{"start":{"line":43,"column":19},"end":{"line":49,"column":2}},"15":{"start":{"line":53,"column":55},"end":{"line":53,"column":64}},"16":{"start":{"line":55,"column":2},"end":{"line":61,"column":3}},"17":{"start":{"line":56,"column":4},"end":{"line":60,"column":6}},"18":{"start":{"line":63,"column":2},"end":{"line":65,"column":3}},"19":{"start":{"line":64,"column":4},"end":{"line":64,"column":21}},"20":{"start":{"line":67,"column":2},"end":{"line":128,"column":4}},"21":{"start":{"line":83,"column":14},"end":{"line":84,"column":null}},"22":{"start":{"line":132,"column":2},"end":{"line":140,"column":4}},"23":{"start":{"line":143,"column":0},"end":{"line":143,"column":19}}},"fnMap":{"0":{"name":"(anonymous_1)","decl":{"start":{"line":25,"column":13},"end":{"line":25,"column":14}},"loc":{"start":{"line":25,"column":42},"end":{"line":32,"column":7}}},"1":{"name":"AppContent","decl":{"start":{"line":52,"column":9},"end":{"line":52,"column":19}},"loc":{"start":{"line":52,"column":19},"end":{"line":129,"column":1}}},"2":{"name":"(anonymous_3)","decl":{"start":{"line":82,"column":28},"end":{"line":82,"column":29}},"loc":{"start":{"line":83,"column":14},"end":{"line":84,"column":null}}},"3":{"name":"App","decl":{"start":{"line":131,"column":9},"end":{"line":131,"column":12}},"loc":{"start":{"line":131,"column":12},"end":{"line":141,"column":1}}}},"branchMap":{"0":{"loc":{"start":{"line":27,"column":8},"end":{"line":29,"column":9}},"type":"if","locations":[{"start":{"line":27,"column":8},"end":{"line":29,"column":9}},{"start":{},"end":{}}]},"1":{"loc":{"start":{"line":55,"column":2},"end":{"line":61,"column":3}},"type":"if","locations":[{"start":{"line":55,"column":2},"end":{"line":61,"column":3}},{"start":{},"end":{}}]},"2":{"loc":{"start":{"line":63,"column":2},"end":{"line":65,"column":3}},"type":"if","locations":[{"start":{"line":63,"column":2},"end":{"line":65,"column":3}},{"start":{},"end":{}}]}},"s":{"0":1,"1":1,"2":1,"3":1,"4":1,"5":1,"6":1,"7":1,"8":1,"9":1,"10":1,"11":0,"12":0,"13":0,"14":1,"15":0,"16":0,"17":0,"18":0,"19":0,"20":0,"21":0,"22":45,"23":1},"f":{"0":0,"1":0,"2":0,"3":45},"b":{"0":[0,0],"1":[0,0],"2":[0,0]}}
,"/Users/rootadmin/es-nl2dsl/frontend/src/components/QueryBuilder.tsx": {"path":"/Users/rootadmin/es-nl2dsl/frontend/src/components/QueryBuilder.tsx","statementMap":{"0":{"start":{"line":1,"column":0},"end":{"line":1,"column":53}},"1":{"start":{"line":2,"column":0},"end":{"line":2,"column":88}},"2":{"start":{"line":28,"column":20},"end":{"line":42,"column":2}},"3":{"start":{"line":44,"column":18},"end":{"line":50,"column":2}},"4":{"start":{"line":52,"column":23},"end":{"line":55,"column":2}},"5":{"start":{"line":57,"column":50},"end":{"line":526,"column":1}},"6":{"start":{"line":64,"column":36},"end":{"line":70,"column":4}},"7":{"start":{"line":72,"column":34},"end":{"line":72,"column":49}},"8":{"start":{"line":73,"column":36},"end":{"line":73,"column":48}},"9":{"start":{"line":74,"column":44},"end":{"line":74,"column":59}},"10":{"start":{"line":76,"column":21},"end":{"line":76,"column":66}},"11":{"start":{"line":76,"column":27},"end":{"line":76,"column":66}},"12":{"start":{"line":78,"column":23},"end":{"line":103,"column":34}},"13":{"start":{"line":79,"column":41},"end":{"line":85,"column":6}},"14":{"start":{"line":87,"column":24},"end":{"line":98,"column":5}},"15":{"start":{"line":88,"column":6},"end":{"line":93,"column":7}},"16":{"start":{"line":89,"column":8},"end":{"line":92,"column":10}},"17":{"start":{"line":94,"column":6},"end":{"line":97,"column":8}},"18":{"start":{"line":100,"column":25},"end":{"line":100,"column":47}},"19":{"start":{"line":101,"column":4},"end":{"line":101,"column":31}},"20":{"start":{"line":102,"column":4},"end":{"line":102,"column":36}},"21":{"start":{"line":105,"column":26},"end":{"line":122,"column":17}},"22":{"start":{"line":106,"column":24},"end":{"line":117,"column":5}},"23":{"start":{"line":107,"column":6},"end":{"line":112,"column":7}},"24":{"start":{"line":108,"column":8},"end":{"line":111,"column":10}},"25":{"start":{"line":110,"column":51},"end":{"line":110,"column":71}},"26":{"start":{"line":113,"column":6},"end":{"line":116,"column":8}},"27":{"start":{"line":119,"column":25},"end":{"line":119,"column":47}},"28":{"start":{"line":120,"column":4},"end":{"line":120,"column":31}},"29":{"start":{"line":121,"column":4},"end":{"line":121,"column":36}},"30":{"start":{"line":124,"column":26},"end":{"line":143,"column":17}},"31":{"start":{"line":125,"column":24},"end":{"line":138,"column":5}},"32":{"start":{"line":126,"column":6},"end":{"line":133,"column":7}},"33":{"start":{"line":127,"column":8},"end":{"line":132,"column":10}},"34":{"start":{"line":130,"column":12},"end":{"line":130,"column":59}},"35":{"start":{"line":134,"column":6},"end":{"line":137,"column":8}},"36":{"start":{"line":140,"column":25},"end":{"line":140,"column":47}},"37":{"start":{"line":141,"column":4},"end":{"line":141,"column":31}},"38":{"start":{"line":142,"column":4},"end":{"line":142,"column":36}},"39":{"start":{"line":145,"column":22},"end":{"line":170,"column":17}},"40":{"start":{"line":146,"column":33},"end":{"line":152,"column":6}},"41":{"start":{"line":154,"column":24},"end":{"line":165,"column":5}},"42":{"start":{"line":155,"column":6},"end":{"line":160,"column":7}},"43":{"start":{"line":156,"column":8},"end":{"line":159,"column":10}},"44":{"start":{"line":161,"column":6},"end":{"line":164,"column":8}},"45":{"start":{"line":167,"column":25},"end":{"line":167,"column":47}},"46":{"start":{"line":168,"column":4},"end":{"line":168,"column":31}},"47":{"start":{"line":169,"column":4},"end":{"line":169,"column":36}},"48":{"start":{"line":172,"column":25},"end":{"line":189,"column":17}},"49":{"start":{"line":173,"column":24},"end":{"line":184,"column":5}},"50":{"start":{"line":174,"column":6},"end":{"line":179,"column":7}},"51":{"start":{"line":175,"column":8},"end":{"line":178,"column":10}},"52":{"start":{"line":177,"column":49},"end":{"line":177,"column":65}},"53":{"start":{"line":180,"column":6},"end":{"line":183,"column":8}},"54":{"start":{"line":186,"column":25},"end":{"line":186,"column":47}},"55":{"start":{"line":187,"column":4},"end":{"line":187,"column":31}},"56":{"start":{"line":188,"column":4},"end":{"line":188,"column":36}},"57":{"start":{"line":191,"column":22},"end":{"line":203,"column":17}},"58":{"start":{"line":192,"column":24},"end":{"line":200,"column":5}},"59":{"start":{"line":193,"column":6},"end":{"line":195,"column":7}},"60":{"start":{"line":194,"column":8},"end":{"line":194,"column":55}},"61":{"start":{"line":196,"column":6},"end":{"line":199,"column":8}},"62":{"start":{"line":202,"column":4},"end":{"line":202,"column":41}},"63":{"start":{"line":205,"column":26},"end":{"line":219,"column":17}},"64":{"start":{"line":206,"column":24},"end":{"line":214,"column":5}},"65":{"start":{"line":207,"column":6},"end":{"line":209,"column":7}},"66":{"start":{"line":208,"column":8},"end":{"line":208,"column":34}},"67":{"start":{"line":210,"column":6},"end":{"line":213,"column":8}},"68":{"start":{"line":216,"column":25},"end":{"line":216,"column":47}},"69":{"start":{"line":217,"column":4},"end":{"line":217,"column":31}},"70":{"start":{"line":218,"column":4},"end":{"line":218,"column":36}},"71":{"start":{"line":221,"column":30},"end":{"line":250,"column":3}},"72":{"start":{"line":222,"column":45},"end":{"line":222,"column":54}},"73":{"start":{"line":224,"column":4},"end":{"line":249,"column":5}},"74":{"start":{"line":226,"column":8},"end":{"line":226,"column":44}},"75":{"start":{"line":228,"column":8},"end":{"line":228,"column":68}},"76":{"start":{"line":230,"column":8},"end":{"line":230,"column":45}},"77":{"start":{"line":232,"column":8},"end":{"line":232,"column":69}},"78":{"start":{"line":234,"column":8},"end":{"line":234,"column":53}},"79":{"start":{"line":236,"column":8},"end":{"line":236,"column":53}},"80":{"start":{"line":238,"column":8},"end":{"line":241,"column":9}},"81":{"start":{"line":239,"column":29},"end":{"line":239,"column":45}},"82":{"start":{"line":240,"column":10},"end":{"line":240,"column":78}},"83":{"start":{"line":242,"column":8},"end":{"line":242,"column":66}},"84":{"start":{"line":244,"column":8},"end":{"line":244,"column":37}},"85":{"start":{"line":246,"column":8},"end":{"line":246,"column":61}},"86":{"start":{"line":248,"column":8},"end":{"line":248,"column":44}},"87":{"start":{"line":252,"column":26},"end":{"line":271,"column":3}},"88":{"start":{"line":253,"column":29},"end":{"line":255,"column":31}},"89":{"start":{"line":254,"column":19},"end":{"line":254,"column":82}},"90":{"start":{"line":257,"column":28},"end":{"line":259,"column":30}},"91":{"start":{"line":259,"column":19},"end":{"line":259,"column":29}},"92":{"start":{"line":261,"column":23},"end":{"line":261,"column":64}},"93":{"start":{"line":263,"column":4},"end":{"line":263,"column":45}},"94":{"start":{"line":263,"column":33},"end":{"line":263,"column":45}},"95":{"start":{"line":264,"column":4},"end":{"line":264,"column":79}},"96":{"start":{"line":264,"column":58},"end":{"line":264,"column":79}},"97":{"start":{"line":266,"column":4},"end":{"line":270,"column":6}},"98":{"start":{"line":273,"column":28},"end":{"line":281,"column":3}},"99":{"start":{"line":274,"column":22},"end":{"line":274,"column":44}},"100":{"start":{"line":275,"column":31},"end":{"line":278,"column":6}},"101":{"start":{"line":280,"column":4},"end":{"line":280,"column":40}},"102":{"start":{"line":283,"column":23},"end":{"line":285,"column":3}},"103":{"start":{"line":284,"column":4},"end":{"line":284,"column":71}},"104":{"start":{"line":287,"column":32},"end":{"line":290,"column":3}},"105":{"start":{"line":288,"column":22},"end":{"line":288,"column":41}},"106":{"start":{"line":289,"column":4},"end":{"line":289,"column":79}},"107":{"start":{"line":292,"column":26},"end":{"line":348,"column":3}},"108":{"start":{"line":293,"column":22},"end":{"line":293,"column":51}},"109":{"start":{"line":294,"column":31},"end":{"line":294,"column":69}},"110":{"start":{"line":296,"column":4},"end":{"line":347,"column":6}},"111":{"start":{"line":300,"column":27},"end":{"line":300,"column":92}},"112":{"start":{"line":305,"column":12},"end":{"line":305,"column":32}},"113":{"start":{"line":311,"column":27},"end":{"line":311,"column":95}},"114":{"start":{"line":316,"column":12},"end":{"line":316,"column":29}},"115":{"start":{"line":326,"column":29},"end":{"line":326,"column":94}},"116":{"start":{"line":340,"column":27},"end":{"line":340,"column":65}},"117":{"start":{"line":350,"column":22},"end":{"line":427,"column":3}},"118":{"start":{"line":351,"column":19},"end":{"line":351,"column":29}},"119":{"start":{"line":353,"column":4},"end":{"line":426,"column":6}},"120":{"start":{"line":358,"column":29},"end":{"line":358,"column":50}},"121":{"start":{"line":369,"column":31},"end":{"line":369,"column":94}},"122":{"start":{"line":387,"column":31},"end":{"line":387,"column":53}},"123":{"start":{"line":394,"column":31},"end":{"line":394,"column":52}},"124":{"start":{"line":402,"column":33},"end":{"line":402,"column":61}},"125":{"start":{"line":415,"column":47},"end":{"line":415,"column":83}},"126":{"start":{"line":416,"column":45},"end":{"line":416,"column":77}},"127":{"start":{"line":429,"column":23},"end":{"line":429,"column":49}},"128":{"start":{"line":430,"column":29},"end":{"line":433,"column":4}},"129":{"start":{"line":435,"column":2},"end":{"line":525,"column":4}},"130":{"start":{"line":441,"column":27},"end":{"line":441,"column":49}},"131":{"start":{"line":450,"column":29},"end":{"line":450,"column":58}},"132":{"start":{"line":460,"column":29},"end":{"line":460,"column":51}},"133":{"start":{"line":493,"column":35},"end":{"line":493,"column":63}},"134":{"start":{"line":502,"column":18},"end":{"line":502,"column":42}},"135":{"start":{"line":503,"column":18},"end":{"line":503,"column":35}},"136":{"start":{"line":511,"column":18},"end":{"line":511,"column":58}},"137":{"start":{"line":512,"column":18},"end":{"line":512,"column":42}},"138":{"start":{"line":513,"column":18},"end":{"line":513,"column":35}},"139":{"start":{"line":528,"column":0},"end":{"line":528,"column":28}}},"fnMap":{"0":{"name":"(anonymous_0)","decl":{"start":{"line":57,"column":50},"end":{"line":57,"column":51}},"loc":{"start":{"line":63,"column":5},"end":{"line":526,"column":1}}},"1":{"name":"(anonymous_1)","decl":{"start":{"line":76,"column":21},"end":{"line":76,"column":24}},"loc":{"start":{"line":76,"column":27},"end":{"line":76,"column":66}}},"2":{"name":"(anonymous_2)","decl":{"start":{"line":78,"column":35},"end":{"line":78,"column":36}},"loc":{"start":{"line":78,"column":55},"end":{"line":103,"column":3}}},"3":{"name":"(anonymous_3)","decl":{"start":{"line":87,"column":24},"end":{"line":87,"column":25}},"loc":{"start":{"line":87,"column":58},"end":{"line":98,"column":5}}},"4":{"name":"(anonymous_4)","decl":{"start":{"line":105,"column":38},"end":{"line":105,"column":39}},"loc":{"start":{"line":105,"column":79},"end":{"line":122,"column":3}}},"5":{"name":"(anonymous_5)","decl":{"start":{"line":106,"column":24},"end":{"line":106,"column":25}},"loc":{"start":{"line":106,"column":58},"end":{"line":117,"column":5}}},"6":{"name":"(anonymous_6)","decl":{"start":{"line":110,"column":46},"end":{"line":110,"column":47}},"loc":{"start":{"line":110,"column":51},"end":{"line":110,"column":71}}},"7":{"name":"(anonymous_7)","decl":{"start":{"line":124,"column":38},"end":{"line":124,"column":39}},"loc":{"start":{"line":124,"column":113},"end":{"line":143,"column":3}}},"8":{"name":"(anonymous_8)","decl":{"start":{"line":125,"column":24},"end":{"line":125,"column":25}},"loc":{"start":{"line":125,"column":58},"end":{"line":138,"column":5}}},"9":{"name":"(anonymous_9)","decl":{"start":{"line":129,"column":43},"end":{"line":129,"column":44}},"loc":{"start":{"line":130,"column":12},"end":{"line":130,"column":59}}},"10":{"name":"(anonymous_10)","decl":{"start":{"line":145,"column":34},"end":{"line":145,"column":35}},"loc":{"start":{"line":145,"column":60},"end":{"line":170,"column":3}}},"11":{"name":"(anonymous_11)","decl":{"start":{"line":154,"column":24},"end":{"line":154,"column":25}},"loc":{"start":{"line":154,"column":58},"end":{"line":165,"column":5}}},"12":{"name":"(anonymous_12)","decl":{"start":{"line":172,"column":37},"end":{"line":172,"column":38}},"loc":{"start":{"line":172,"column":80},"end":{"line":189,"column":3}}},"13":{"name":"(anonymous_13)","decl":{"start":{"line":173,"column":24},"end":{"line":173,"column":25}},"loc":{"start":{"line":173,"column":58},"end":{"line":184,"column":5}}},"14":{"name":"(anonymous_14)","decl":{"start":{"line":177,"column":44},"end":{"line":177,"column":45}},"loc":{"start":{"line":177,"column":49},"end":{"line":177,"column":65}}},"15":{"name":"(anonymous_15)","decl":{"start":{"line":191,"column":34},"end":{"line":191,"column":35}},"loc":{"start":{"line":191,"column":54},"end":{"line":203,"column":3}}},"16":{"name":"(anonymous_16)","decl":{"start":{"line":192,"column":24},"end":{"line":192,"column":25}},"loc":{"start":{"line":192,"column":58},"end":{"line":200,"column":5}}},"17":{"name":"(anonymous_17)","decl":{"start":{"line":205,"column":38},"end":{"line":205,"column":39}},"loc":{"start":{"line":205,"column":84},"end":{"line":219,"column":3}}},"18":{"name":"(anonymous_18)","decl":{"start":{"line":206,"column":24},"end":{"line":206,"column":25}},"loc":{"start":{"line":206,"column":58},"end":{"line":214,"column":5}}},"19":{"name":"(anonymous_19)","decl":{"start":{"line":221,"column":30},"end":{"line":221,"column":31}},"loc":{"start":{"line":221,"column":60},"end":{"line":250,"column":3}}},"20":{"name":"(anonymous_20)","decl":{"start":{"line":252,"column":26},"end":{"line":252,"column":27}},"loc":{"start":{"line":252,"column":53},"end":{"line":271,"column":3}}},"21":{"name":"(anonymous_21)","decl":{"start":{"line":254,"column":14},"end":{"line":254,"column":15}},"loc":{"start":{"line":254,"column":19},"end":{"line":254,"column":82}}},"22":{"name":"(anonymous_22)","decl":{"start":{"line":259,"column":14},"end":{"line":259,"column":15}},"loc":{"start":{"line":259,"column":19},"end":{"line":259,"column":29}}},"23":{"name":"(anonymous_23)","decl":{"start":{"line":273,"column":28},"end":{"line":273,"column":29}},"loc":{"start":{"line":273,"column":50},"end":{"line":281,"column":3}}},"24":{"name":"(anonymous_24)","decl":{"start":{"line":283,"column":23},"end":{"line":283,"column":24}},"loc":{"start":{"line":283,"column":49},"end":{"line":285,"column":3}}},"25":{"name":"(anonymous_25)","decl":{"start":{"line":287,"column":32},"end":{"line":287,"column":33}},"loc":{"start":{"line":287,"column":60},"end":{"line":290,"column":3}}},"26":{"name":"(anonymous_26)","decl":{"start":{"line":292,"column":26},"end":{"line":292,"column":27}},"loc":{"start":{"line":292,"column":73},"end":{"line":348,"column":3}}},"27":{"name":"(anonymous_27)","decl":{"start":{"line":300,"column":20},"end":{"line":300,"column":21}},"loc":{"start":{"line":300,"column":27},"end":{"line":300,"column":92}}},"28":{"name":"(anonymous_28)","decl":{"start":{"line":304,"column":31},"end":{"line":304,"column":36}},"loc":{"start":{"line":305,"column":12},"end":{"line":305,"column":32}}},"29":{"name":"(anonymous_29)","decl":{"start":{"line":311,"column":20},"end":{"line":311,"column":21}},"loc":{"start":{"line":311,"column":27},"end":{"line":311,"column":95}}},"30":{"name":"(anonymous_30)","decl":{"start":{"line":315,"column":34},"end":{"line":315,"column":36}},"loc":{"start":{"line":316,"column":12},"end":{"line":316,"column":29}}},"31":{"name":"(anonymous_31)","decl":{"start":{"line":326,"column":22},"end":{"line":326,"column":23}},"loc":{"start":{"line":326,"column":29},"end":{"line":326,"column":94}}},"32":{"name":"(anonymous_32)","decl":{"start":{"line":340,"column":21},"end":{"line":340,"column":24}},"loc":{"start":{"line":340,"column":27},"end":{"line":340,"column":65}}},"33":{"name":"(anonymous_33)","decl":{"start":{"line":350,"column":22},"end":{"line":350,"column":23}},"loc":{"start":{"line":350,"column":55},"end":{"line":427,"column":3}}},"34":{"name":"(anonymous_34)","decl":{"start":{"line":358,"column":23},"end":{"line":358,"column":26}},"loc":{"start":{"line":358,"column":29},"end":{"line":358,"column":50}}},"35":{"name":"(anonymous_35)","decl":{"start":{"line":369,"column":24},"end":{"line":369,"column":25}},"loc":{"start":{"line":369,"column":31},"end":{"line":369,"column":94}}},"36":{"name":"(anonymous_36)","decl":{"start":{"line":387,"column":25},"end":{"line":387,"column":28}},"loc":{"start":{"line":387,"column":31},"end":{"line":387,"column":53}}},"37":{"name":"(anonymous_37)","decl":{"start":{"line":394,"column":25},"end":{"line":394,"column":28}},"loc":{"start":{"line":394,"column":31},"end":{"line":394,"column":52}}},"38":{"name":"(anonymous_38)","decl":{"start":{"line":402,"column":27},"end":{"line":402,"column":30}},"loc":{"start":{"line":402,"column":33},"end":{"line":402,"column":61}}},"39":{"name":"(anonymous_39)","decl":{"start":{"line":415,"column":34},"end":{"line":415,"column":43}},"loc":{"start":{"line":415,"column":47},"end":{"line":415,"column":83}}},"40":{"name":"(anonymous_40)","decl":{"start":{"line":416,"column":33},"end":{"line":416,"column":41}},"loc":{"start":{"line":416,"column":45},"end":{"line":416,"column":77}}},"41":{"name":"(anonymous_41)","decl":{"start":{"line":441,"column":21},"end":{"line":441,"column":24}},"loc":{"start":{"line":441,"column":27},"end":{"line":441,"column":49}}},"42":{"name":"(anonymous_42)","decl":{"start":{"line":450,"column":23},"end":{"line":450,"column":26}},"loc":{"start":{"line":450,"column":29},"end":{"line":450,"column":58}}},"43":{"name":"(anonymous_43)","decl":{"start":{"line":460,"column":23},"end":{"line":460,"column":26}},"loc":{"start":{"line":460,"column":29},"end":{"line":460,"column":51}}},"44":{"name":"(anonymous_44)","decl":{"start":{"line":493,"column":28},"end":{"line":493,"column":29}},"loc":{"start":{"line":493,"column":35},"end":{"line":493,"column":63}}},"45":{"name":"(anonymous_45)","decl":{"start":{"line":501,"column":25},"end":{"line":501,"column":28}},"loc":{"start":{"line":501,"column":30},"end":{"line":504,"column":17}}},"46":{"name":"(anonymous_46)","decl":{"start":{"line":510,"column":25},"end":{"line":510,"column":28}},"loc":{"start":{"line":510,"column":30},"end":{"line":514,"column":17}}}},"branchMap":{"0":{"loc":{"start":{"line":61,"column":2},"end":{"line":61,"column":34}},"type":"default-arg","locations":[{"start":{"line":61,"column":20},"end":{"line":61,"column":34}}]},"1":{"loc":{"start":{"line":62,"column":2},"end":{"line":62,"column":18}},"type":"default-arg","locations":[{"start":{"line":62,"column":13},"end":{"line":62,"column":18}}]},"2":{"loc":{"start":{"line":81,"column":13},"end":{"line":81,"column":47}},"type":"binary-expr","locations":[{"start":{"line":81,"column":13},"end":{"line":81,"column":31}},{"start":{"line":81,"column":35},"end":{"line":81,"column":47}}]},"3":{"loc":{"start":{"line":88,"column":6},"end":{"line":93,"column":7}},"type":"if","locations":[{"start":{"line":88,"column":6},"end":{"line":93,"column":7}},{"start":{},"end":{}}]},"4":{"loc":{"start":{"line":107,"column":6},"end":{"line":112,"column":7}},"type":"if","locations":[{"start":{"line":107,"column":6},"end":{"line":112,"column":7}},{"start":{},"end":{}}]},"5":{"loc":{"start":{"line":126,"column":6},"end":{"line":133,"column":7}},"type":"if","locations":[{"start":{"line":126,"column":6},"end":{"line":133,"column":7}},{"start":{},"end":{}}]},"6":{"loc":{"start":{"line":130,"column":12},"end":{"line":130,"column":59}},"type":"cond-expr","locations":[{"start":{"line":130,"column":35},"end":{"line":130,"column":55}},{"start":{"line":130,"column":58},"end":{"line":130,"column":59}}]},"7":{"loc":{"start":{"line":155,"column":6},"end":{"line":160,"column":7}},"type":"if","locations":[{"start":{"line":155,"column":6},"end":{"line":160,"column":7}},{"start":{},"end":{}}]},"8":{"loc":{"start":{"line":174,"column":6},"end":{"line":179,"column":7}},"type":"if","locations":[{"start":{"line":174,"column":6},"end":{"line":179,"column":7}},{"start":{},"end":{}}]},"9":{"loc":{"start":{"line":193,"column":6},"end":{"line":195,"column":7}},"type":"if","locations":[{"start":{"line":193,"column":6},"end":{"line":195,"column":7}},{"start":{},"end":{}}]},"10":{"loc":{"start":{"line":207,"column":6},"end":{"line":209,"column":7}},"type":"if","locations":[{"start":{"line":207,"column":6},"end":{"line":209,"column":7}},{"start":{},"end":{}}]},"11":{"loc":{"start":{"line":224,"column":4},"end":{"line":249,"column":5}},"type":"switch","locations":[{"start":{"line":225,"column":6},"end":{"line":226,"column":44}},{"start":{"line":227,"column":6},"end":{"line":228,"column":68}},{"start":{"line":229,"column":6},"end":{"line":230,"column":45}},{"start":{"line":231,"column":6},"end":{"line":232,"column":69}},{"start":{"line":233,"column":6},"end":{"line":234,"column":53}},{"start":{"line":235,"column":6},"end":{"line":236,"column":53}},{"start":{"line":237,"column":6},"end":{"line":242,"column":66}},{"start":{"line":243,"column":6},"end":{"line":244,"column":37}},{"start":{"line":245,"column":6},"end":{"line":246,"column":61}},{"start":{"line":247,"column":6},"end":{"line":248,"column":44}}]},"12":{"loc":{"start":{"line":238,"column":8},"end":{"line":241,"column":9}},"type":"if","locations":[{"start":{"line":238,"column":8},"end":{"line":241,"column":9}},{"start":{},"end":{}}]},"13":{"loc":{"start":{"line":238,"column":12},"end":{"line":238,"column":60}},"type":"binary-expr","locations":[{"start":{"line":238,"column":12},"end":{"line":238,"column":37}},{"start":{"line":238,"column":41},"end":{"line":238,"column":60}}]},"14":{"loc":{"start":{"line":254,"column":19},"end":{"line":254,"column":82}},"type":"binary-expr","locations":[{"start":{"line":254,"column":19},"end":{"line":254,"column":33}},{"start":{"line":254,"column":37},"end":{"line":254,"column":82}}]},"15":{"loc":{"start":{"line":263,"column":4},"end":{"line":263,"column":45}},"type":"if","locations":[{"start":{"line":263,"column":4},"end":{"line":263,"column":45}},{"start":{},"end":{}}]},"16":{"loc":{"start":{"line":264,"column":4},"end":{"line":264,"column":79}},"type":"if","locations":[{"start":{"line":264,"column":4},"end":{"line":264,"column":79}},{"start":{},"end":{}}]},"17":{"loc":{"start":{"line":264,"column":8},"end":{"line":264,"column":56}},"type":"binary-expr","locations":[{"start":{"line":264,"column":8},"end":{"line":264,"column":31}},{"start":{"line":264,"column":35},"end":{"line":264,"column":56}}]},"18":{"loc":{"start":{"line":276,"column":13},"end":{"line":276,"column":43}},"type":"binary-expr","locations":[{"start":{"line":276,"column":13},"end":{"line":276,"column":22}},{"start":{"line":276,"column":26},"end":{"line":276,"column":43}}]},"19":{"loc":{"start":{"line":284,"column":11},"end":{"line":284,"column":70}},"type":"binary-expr","locations":[{"start":{"line":284,"column":11},"end":{"line":284,"column":57}},{"start":{"line":284,"column":61},"end":{"line":284,"column":70}}]},"20":{"loc":{"start":{"line":289,"column":11},"end":{"line":289,"column":78}},"type":"binary-expr","locations":[{"start":{"line":289,"column":11},"end":{"line":289,"column":57}},{"start":{"line":289,"column":61},"end":{"line":289,"column":78}}]},"21":{"loc":{"start":{"line":322,"column":9},"end":{"line":335,"column":null}},"type":"binary-expr","locations":[{"start":{"line":322,"column":9},"end":{"line":322,"column":63}},{"start":{"line":323,"column":10},"end":{"line":334,"column":null}}]},"22":{"loc":{"start":{"line":324,"column":18},"end":{"line":324,"column":102}},"type":"cond-expr","locations":[{"start":{"line":324,"column":43},"end":{"line":324,"column":51}},{"start":{"line":324,"column":54},"end":{"line":324,"column":102}}]},"23":{"loc":{"start":{"line":324,"column":54},"end":{"line":324,"column":102}},"type":"cond-expr","locations":[{"start":{"line":324,"column":77},"end":{"line":324,"column":93}},{"start":{"line":324,"column":96},"end":{"line":324,"column":102}}]},"24":{"loc":{"start":{"line":328,"column":14},"end":{"line":331,"column":21}},"type":"cond-expr","locations":[{"start":{"line":328,"column":47},"end":{"line":328,"column":56}},{"start":{"line":329,"column":14},"end":{"line":331,"column":21}}]},"25":{"loc":{"start":{"line":329,"column":14},"end":{"line":331,"column":21}},"type":"cond-expr","locations":[{"start":{"line":329,"column":35},"end":{"line":329,"column":48}},{"start":{"line":330,"column":14},"end":{"line":331,"column":21}}]},"26":{"loc":{"start":{"line":330,"column":14},"end":{"line":331,"column":21}},"type":"cond-expr","locations":[{"start":{"line":330,"column":37},"end":{"line":330,"column":49}},{"start":{"line":331,"column":14},"end":{"line":331,"column":21}}]},"27":{"loc":{"start":{"line":338,"column":9},"end":{"line":344,"column":null}},"type":"binary-expr","locations":[{"start":{"line":338,"column":9},"end":{"line":338,"column":18}},{"start":{"line":339,"column":10},"end":{"line":343,"column":null}}]},"28":{"loc":{"start":{"line":350,"column":42},"end":{"line":350,"column":51}},"type":"default-arg","locations":[{"start":{"line":350,"column":50},"end":{"line":350,"column":51}}]},"29":{"loc":{"start":{"line":361,"column":15},"end":{"line":363,"column":52}},"type":"cond-expr","locations":[{"start":{"line":362,"column":16},"end":{"line":362,"column":51}},{"start":{"line":363,"column":16},"end":{"line":363,"column":52}}]},"30":{"loc":{"start":{"line":384,"column":11},"end":{"line":409,"column":null}},"type":"binary-expr","locations":[{"start":{"line":384,"column":11},"end":{"line":384,"column":20}},{"start":{"line":385,"column":12},"end":{"line":408,"column":null}}]},"31":{"loc":{"start":{"line":400,"column":15},"end":{"line":407,"column":null}},"type":"binary-expr","locations":[{"start":{"line":400,"column":15},"end":{"line":400,"column":34}},{"start":{"line":401,"column":16},"end":{"line":406,"column":null}}]},"32":{"loc":{"start":{"line":413,"column":9},"end":{"line":423,"column":null}},"type":"binary-expr","locations":[{"start":{"line":413,"column":9},"end":{"line":413,"column":23}},{"start":{"line":414,"column":10},"end":{"line":422,"column":null}}]},"33":{"loc":{"start":{"line":418,"column":13},"end":{"line":421,"column":null}},"type":"binary-expr","locations":[{"start":{"line":418,"column":13},"end":{"line":418,"column":42}},{"start":{"line":418,"column":46},"end":{"line":418,"column":74}},{"start":{"line":419,"column":14},"end":{"line":419,"column":null}}]},"34":{"loc":{"start":{"line":431,"column":11},"end":{"line":431,"column":44}},"type":"binary-expr","locations":[{"start":{"line":431,"column":11},"end":{"line":431,"column":23}},{"start":{"line":431,"column":27},"end":{"line":431,"column":44}}]},"35":{"loc":{"start":{"line":445,"column":13},"end":{"line":445,"column":49}},"type":"cond-expr","locations":[{"start":{"line":445,"column":24},"end":{"line":445,"column":35}},{"start":{"line":445,"column":38},"end":{"line":445,"column":49}}]},"36":{"loc":{"start":{"line":448,"column":11},"end":{"line":455,"column":null}},"type":"binary-expr","locations":[{"start":{"line":448,"column":11},"end":{"line":448,"column":20}},{"start":{"line":449,"column":12},"end":{"line":453,"column":null}}]},"37":{"loc":{"start":{"line":458,"column":11},"end":{"line":465,"column":null}},"type":"binary-expr","locations":[{"start":{"line":458,"column":11},"end":{"line":458,"column":17}},{"start":{"line":459,"column":12},"end":{"line":463,"column":null}}]},"38":{"loc":{"start":{"line":474,"column":7},"end":{"line":477,"column":null}},"type":"binary-expr","locations":[{"start":{"line":474,"column":7},"end":{"line":474,"column":15}},{"start":{"line":475,"column":8},"end":{"line":476,"column":null}}]},"39":{"loc":{"start":{"line":481,"column":7},"end":{"line":522,"column":null}},"type":"binary-expr","locations":[{"start":{"line":481,"column":7},"end":{"line":481,"column":20}},{"start":{"line":482,"column":8},"end":{"line":521,"column":null}}]}},"s":{"0":0,"1":0,"2":0,"3":0,"4":0,"5":0,"6":0,"7":0,"8":0,"9":0,"10":0,"11":0,"12":0,"13":0,"14":0,"15":0,"16":0,"17":0,"18":0,"19":0,"20":0,"21":0,"22":0,"23":0,"24":0,"25":0,"26":0,"27":0,"28":0,"29":0,"30":0,"31":0,"32":0,"33":0,"34":0,"35":0,"36":0,"37":0,"38":0,"39":0,"40":0,"41":0,"42":0,"43":0,"44":0,"45":0,"46":0,"47":0,"48":0,"49":0,"50":0,"51":0,"52":0,"53":0,"54":0,"55":0,"56":0,"57":0,"58":0,"59":0,"60":0,"61":0,"62":0,"63":0,"64":0,"65":0,"66":0,"67":0,"68":0,"69":0,"70":0,"71":0,"72":0,"73":0,"74":0,"75":0,"76":0,"77":0,"78":0,"79":0,"80":0,"81":0,"82":0,"83":0,"84":0,"85":0,"86":0,"87":0,"88":0,"89":0,"90":0,"91":0,"92":0,"93":0,"94":0,"95":0,"96":0,"97":0,"98":0,"99":0,"100":0,"101":0,"102":0,"103":0,"104":0,"105":0,"106":0,"107":0,"108":0,"109":0,"110":0,"111":0,"112":0,"113":0,"114":0,"115":0,"116":0,"117":0,"118":0,"119":0,"120":0,"121":0,"122":0,"123":0,"124":0,"125":0,"126":0,"127":0,"128":0,"129":0,"130":0,"131":0,"132":0,"133":0,"134":0,"135":0,"136":0,"137":0,"138":0,"139":0},"f":{"0":0,"1":0,"2":0,"3":0,"4":0,"5":0,"6":0,"7":0,"8":0,"9":0,"10":0,"11":0,"12":0,"13":0,"14":0,"15":0,"16":0,"17":0,"18":0,"19":0,"20":0,"21":0,"22":0,"23":0,"24":0,"25":0,"26":0,"27":0,"28":0,"29":0,"30":0,"31":0,"32":0,"33":0,"34":0,"35":0,"36":0,"37":0,"38":0,"39":0,"40":0,"41":0,"42":0,"43":0,"44":0,"45":0,"46":0},"b":{"0":[0],"1":[0],"2":[0,0],"3":[0,0],"4":[0,0],"5":[0,0],"6":[0,0],"7":[0,0],"8":[0,0],"9":[0,0],"10":[0,0],"11":[0,0,0,0,0,0,0,0,0,0],"12":[0,0],"13":[0,0],"14":[0,0],"15":[0,0],"16":[0,0],"17":[0,0],"18":[0,0],"19":[0,0],"20":[0,0],"21":[0,0],"22":[0,0],"23":[0,0],"24":[0,0],"25":[0,0],"26":[0,0],"27":[0,0],"28":[0],"29":[0,0],"30":[0,0],"31":[0,0],"32":[0,0],"33":[0,0,0],"34":[0,0],"35":[0,0],"36":[0,0],"37":[0,0],"38":[0,0],"39":[0,0]}}
,"/Users/rootadmin/es-nl2dsl/frontend/src/contexts/AuthContext.tsx": {"path":"/Users/rootadmin/es-nl2dsl/frontend/src/contexts/AuthContext.tsx","statementMap":{"0":{"start":{"line":1,"column":0},"end":{"line":1,"column":89}},"1":{"start":{"line":2,"column":0},"end":{"line":2,"column":34}},"2":{"start":{"line":39,"column":20},"end":{"line":39,"column":73}},"3":{"start":{"line":42,"column":26},"end":{"line":42,"column":50}},"4":{"start":{"line":43,"column":34},"end":{"line":43,"column":59}},"5":{"start":{"line":44,"column":34},"end":{"line":44,"column":59}},"6":{"start":{"line":46,"column":23},"end":{"line":46,"column":68}},"7":{"start":{"line":46,"column":29},"end":{"line":46,"column":68}},"8":{"start":{"line":47,"column":30},"end":{"line":47,"column":83}},"9":{"start":{"line":47,"column":36},"end":{"line":47,"column":83}},"10":{"start":{"line":48,"column":30},"end":{"line":48,"column":83}},"11":{"start":{"line":48,"column":36},"end":{"line":48,"column":83}},"12":{"start":{"line":50,"column":18},"end":{"line":56,"column":1}},"13":{"start":{"line":51,"column":2},"end":{"line":51,"column":55}},"14":{"start":{"line":52,"column":2},"end":{"line":52,"column":64}},"15":{"start":{"line":53,"column":2},"end":{"line":55,"column":3}},"16":{"start":{"line":54,"column":4},"end":{"line":54,"column":66}},"17":{"start":{"line":58,"column":20},"end":{"line":62,"column":1}},"18":{"start":{"line":59,"column":2},"end":{"line":59,"column":45}},"19":{"start":{"line":60,"column":2},"end":{"line":60,"column":53}},"20":{"start":{"line":61,"column":2},"end":{"line":61,"column":53}},"21":{"start":{"line":65,"column":18},"end":{"line":76,"column":1}},"22":{"start":{"line":66,"column":2},"end":{"line":75,"column":3}},"23":{"start":{"line":67,"column":22},"end":{"line":67,"column":41}},"24":{"start":{"line":68,"column":19},"end":{"line":68,"column":66}},"25":{"start":{"line":69,"column":24},"end":{"line":71,"column":16}},"26":{"start":{"line":70,"column":6},"end":{"line":70,"column":67}},"27":{"start":{"line":72,"column":4},"end":{"line":72,"column":35}},"28":{"start":{"line":74,"column":4},"end":{"line":74,"column":16}},"29":{"start":{"line":79,"column":23},"end":{"line":85,"column":1}},"30":{"start":{"line":80,"column":18},"end":{"line":80,"column":34}},"31":{"start":{"line":81,"column":2},"end":{"line":81,"column":44}},"32":{"start":{"line":81,"column":32},"end":{"line":81,"column":44}},"33":{"start":{"line":83,"column":22},"end":{"line":83,"column":39}},"34":{"start":{"line":84,"column":2},"end":{"line":84,"column":35}},"35":{"start":{"line":91,"column":57},"end":{"line":288,"column":1}},"36":{"start":{"line":92,"column":26},"end":{"line":92,"column":53}},"37":{"start":{"line":93,"column":40},"end":{"line":93,"column":78}},"38":{"start":{"line":94,"column":36},"end":{"line":94,"column":50}},"39":{"start":{"line":95,"column":48},"end":{"line":95,"column":63}},"40":{"start":{"line":98,"column":2},"end":{"line":145,"column":9}},"41":{"start":{"line":99,"column":31},"end":{"line":113,"column":null}},"42":{"start":{"line":101,"column":22},"end":{"line":101,"column":38}},"43":{"start":{"line":102,"column":8},"end":{"line":104,"column":9}},"44":{"start":{"line":103,"column":10},"end":{"line":103,"column":59}},"45":{"start":{"line":106,"column":29},"end":{"line":106,"column":52}},"46":{"start":{"line":107,"column":8},"end":{"line":109,"column":9}},"47":{"start":{"line":108,"column":10},"end":{"line":108,"column":59}},"48":{"start":{"line":111,"column":8},"end":{"line":111,"column":22}},"49":{"start":{"line":113,"column":17},"end":{"line":113,"column":38}},"50":{"start":{"line":116,"column":32},"end":{"line":138,"column":null}},"51":{"start":{"line":117,"column":20},"end":{"line":117,"column":28}},"52":{"start":{"line":119,"column":32},"end":{"line":119,"column":44}},"53":{"start":{"line":121,"column":8},"end":{"line":135,"column":9}},"54":{"start":{"line":122,"column":10},"end":{"line":122,"column":40}},"55":{"start":{"line":124,"column":10},"end":{"line":134,"column":11}},"56":{"start":{"line":125,"column":12},"end":{"line":125,"column":33}},"57":{"start":{"line":126,"column":29},"end":{"line":126,"column":45}},"58":{"start":{"line":127,"column":12},"end":{"line":130,"column":13}},"59":{"start":{"line":128,"column":14},"end":{"line":128,"column":75}},"60":{"start":{"line":129,"column":14},"end":{"line":129,"column":42}},"61":{"start":{"line":133,"column":12},"end":{"line":133,"column":21}},"62":{"start":{"line":137,"column":8},"end":{"line":137,"column":37}},"63":{"start":{"line":141,"column":4},"end":{"line":144,"column":6}},"64":{"start":{"line":142,"column":6},"end":{"line":142,"column":57}},"65":{"start":{"line":143,"column":6},"end":{"line":143,"column":59}},"66":{"start":{"line":148,"column":2},"end":{"line":150,"column":9}},"67":{"start":{"line":149,"column":4},"end":{"line":149,"column":16}},"68":{"start":{"line":152,"column":20},"end":{"line":199,"column":3}},"69":{"start":{"line":153,"column":4},"end":{"line":198,"column":5}},"70":{"start":{"line":154,"column":6},"end":{"line":154,"column":25}},"71":{"start":{"line":155,"column":20},"end":{"line":155,"column":36}},"72":{"start":{"line":157,"column":6},"end":{"line":178,"column":7}},"73":{"start":{"line":159,"column":34},"end":{"line":159,"column":57}},"74":{"start":{"line":160,"column":8},"end":{"line":177,"column":9}},"75":{"start":{"line":161,"column":10},"end":{"line":170,"column":11}},"76":{"start":{"line":162,"column":12},"end":{"line":162,"column":33}},"77":{"start":{"line":163,"column":12},"end":{"line":163,"column":19}},"78":{"start":{"line":165,"column":12},"end":{"line":165,"column":26}},"79":{"start":{"line":166,"column":12},"end":{"line":166,"column":38}},"80":{"start":{"line":167,"column":12},"end":{"line":167,"column":26}},"81":{"start":{"line":168,"column":12},"end":{"line":168,"column":33}},"82":{"start":{"line":169,"column":12},"end":{"line":169,"column":19}},"83":{"start":{"line":172,"column":10},"end":{"line":172,"column":24}},"84":{"start":{"line":173,"column":10},"end":{"line":173,"column":36}},"85":{"start":{"line":174,"column":10},"end":{"line":174,"column":24}},"86":{"start":{"line":175,"column":10},"end":{"line":175,"column":31}},"87":{"start":{"line":176,"column":10},"end":{"line":176,"column":17}},"88":{"start":{"line":181,"column":53},"end":{"line":184,"column":8}},"89":{"start":{"line":186,"column":6},"end":{"line":186,"column":36}},"90":{"start":{"line":187,"column":6},"end":{"line":187,"column":59}},"91":{"start":{"line":188,"column":6},"end":{"line":188,"column":31}},"92":{"start":{"line":191,"column":6},"end":{"line":191,"column":59}},"93":{"start":{"line":192,"column":6},"end":{"line":192,"column":20}},"94":{"start":{"line":193,"column":6},"end":{"line":193,"column":32}},"95":{"start":{"line":194,"column":6},"end":{"line":194,"column":20}},"96":{"start":{"line":195,"column":6},"end":{"line":195,"column":27}},"97":{"start":{"line":197,"column":6},"end":{"line":197,"column":26}},"98":{"start":{"line":201,"column":16},"end":{"line":225,"column":3}},"99":{"start":{"line":202,"column":4},"end":{"line":224,"column":5}},"100":{"start":{"line":203,"column":6},"end":{"line":203,"column":25}},"101":{"start":{"line":204,"column":23},"end":{"line":204,"column":66}},"102":{"start":{"line":206,"column":49},"end":{"line":206,"column":62}},"103":{"start":{"line":207,"column":6},"end":{"line":207,"column":48}},"104":{"start":{"line":210,"column":53},"end":{"line":213,"column":8}},"105":{"start":{"line":215,"column":6},"end":{"line":215,"column":36}},"106":{"start":{"line":216,"column":6},"end":{"line":216,"column":59}},"107":{"start":{"line":217,"column":6},"end":{"line":217,"column":31}},"108":{"start":{"line":220,"column":6},"end":{"line":220,"column":20}},"109":{"start":{"line":221,"column":6},"end":{"line":221,"column":71}},"110":{"start":{"line":223,"column":6},"end":{"line":223,"column":26}},"111":{"start":{"line":227,"column":17},"end":{"line":246,"column":3}},"112":{"start":{"line":228,"column":4},"end":{"line":245,"column":5}},"113":{"start":{"line":229,"column":32},"end":{"line":229,"column":55}},"114":{"start":{"line":230,"column":27},"end":{"line":230,"column":50}},"115":{"start":{"line":232,"column":6},"end":{"line":237,"column":7}},"116":{"start":{"line":233,"column":8},"end":{"line":236,"column":11}},"117":{"start":{"line":239,"column":6},"end":{"line":239,"column":54}},"118":{"start":{"line":241,"column":6},"end":{"line":241,"column":20}},"119":{"start":{"line":242,"column":6},"end":{"line":242,"column":20}},"120":{"start":{"line":243,"column":6},"end":{"line":243,"column":27}},"121":{"start":{"line":244,"column":6},"end":{"line":244,"column":32}},"122":{"start":{"line":248,"column":23},"end":{"line":270,"column":3}},"123":{"start":{"line":249,"column":4},"end":{"line":269,"column":5}},"124":{"start":{"line":250,"column":32},"end":{"line":250,"column":55}},"125":{"start":{"line":251,"column":6},"end":{"line":253,"column":7}},"126":{"start":{"line":252,"column":8},"end":{"line":252,"column":54}},"127":{"start":{"line":255,"column":23},"end":{"line":257,"column":8}},"128":{"start":{"line":259,"column":34},"end":{"line":259,"column":47}},"129":{"start":{"line":260,"column":6},"end":{"line":260,"column":58}},"130":{"start":{"line":262,"column":6},"end":{"line":262,"column":20}},"131":{"start":{"line":264,"column":6},"end":{"line":264,"column":20}},"132":{"start":{"line":265,"column":6},"end":{"line":265,"column":32}},"133":{"start":{"line":266,"column":6},"end":{"line":266,"column":20}},"134":{"start":{"line":267,"column":6},"end":{"line":267,"column":27}},"135":{"start":{"line":268,"column":6},"end":{"line":268,"column":18}},"136":{"start":{"line":272,"column":40},"end":{"line":281,"column":4}},"137":{"start":{"line":283,"column":2},"end":{"line":287,"column":4}},"138":{"start":{"line":91,"column":13},"end":{"line":91,"column":57}},"139":{"start":{"line":290,"column":23},"end":{"line":296,"column":1}},"140":{"start":{"line":291,"column":18},"end":{"line":291,"column":41}},"141":{"start":{"line":292,"column":2},"end":{"line":294,"column":3}},"142":{"start":{"line":293,"column":4},"end":{"line":293,"column":67}},"143":{"start":{"line":295,"column":2},"end":{"line":295,"column":17}},"144":{"start":{"line":290,"column":13},"end":{"line":290,"column":23}},"145":{"start":{"line":299,"column":24},"end":{"line":338,"column":1}},"146":{"start":{"line":303,"column":2},"end":{"line":337,"column":4}},"147":{"start":{"line":304,"column":56},"end":{"line":304,"column":65}},"148":{"start":{"line":306,"column":4},"end":{"line":312,"column":5}},"149":{"start":{"line":307,"column":6},"end":{"line":311,"column":8}},"150":{"start":{"line":314,"column":4},"end":{"line":323,"column":5}},"151":{"start":{"line":315,"column":6},"end":{"line":322,"column":8}},"152":{"start":{"line":325,"column":4},"end":{"line":334,"column":5}},"153":{"start":{"line":326,"column":6},"end":{"line":333,"column":8}},"154":{"start":{"line":336,"column":4},"end":{"line":336,"column":43}},"155":{"start":{"line":299,"column":13},"end":{"line":299,"column":24}},"156":{"start":{"line":341,"column":30},"end":{"line":362,"column":1}},"157":{"start":{"line":342,"column":26},"end":{"line":342,"column":35}},"158":{"start":{"line":344,"column":24},"end":{"line":346,"column":3}},"159":{"start":{"line":345,"column":4},"end":{"line":345,"column":57}},"160":{"start":{"line":348,"column":27},"end":{"line":350,"column":3}},"161":{"start":{"line":349,"column":4},"end":{"line":349,"column":77}},"162":{"start":{"line":349,"column":50},"end":{"line":349,"column":75}},"163":{"start":{"line":352,"column":28},"end":{"line":354,"column":3}},"164":{"start":{"line":353,"column":4},"end":{"line":353,"column":78}},"165":{"start":{"line":353,"column":51},"end":{"line":353,"column":76}},"166":{"start":{"line":356,"column":2},"end":{"line":361,"column":4}},"167":{"start":{"line":341,"column":13},"end":{"line":341,"column":30}},"168":{"start":{"line":364,"column":0},"end":{"line":364,"column":27}}},"fnMap":{"0":{"name":"(anonymous_1)","decl":{"start":{"line":46,"column":23},"end":{"line":46,"column":26}},"loc":{"start":{"line":46,"column":29},"end":{"line":46,"column":68}}},"1":{"name":"(anonymous_2)","decl":{"start":{"line":47,"column":30},"end":{"line":47,"column":33}},"loc":{"start":{"line":47,"column":36},"end":{"line":47,"column":83}}},"2":{"name":"(anonymous_3)","decl":{"start":{"line":48,"column":30},"end":{"line":48,"column":33}},"loc":{"start":{"line":48,"column":36},"end":{"line":48,"column":83}}},"3":{"name":"(anonymous_4)","decl":{"start":{"line":50,"column":18},"end":{"line":50,"column":19}},"loc":{"start":{"line":50,"column":87},"end":{"line":56,"column":1}}},"4":{"name":"(anonymous_5)","decl":{"start":{"line":58,"column":20},"end":{"line":58,"column":23}},"loc":{"start":{"line":58,"column":25},"end":{"line":62,"column":1}}},"5":{"name":"(anonymous_6)","decl":{"start":{"line":65,"column":18},"end":{"line":65,"column":19}},"loc":{"start":{"line":65,"column":36},"end":{"line":76,"column":1}}},"6":{"name":"(anonymous_7)","decl":{"start":{"line":69,"column":70},"end":{"line":69,"column":79}},"loc":{"start":{"line":69,"column":80},"end":{"line":71,"column":5}}},"7":{"name":"(anonymous_8)","decl":{"start":{"line":79,"column":23},"end":{"line":79,"column":24}},"loc":{"start":{"line":79,"column":50},"end":{"line":85,"column":1}}},"8":{"name":"(anonymous_9)","decl":{"start":{"line":91,"column":57},"end":{"line":91,"column":58}},"loc":{"start":{"line":91,"column":74},"end":{"line":288,"column":1}}},"9":{"name":"(anonymous_10)","decl":{"start":{"line":98,"column":12},"end":{"line":98,"column":15}},"loc":{"start":{"line":98,"column":17},"end":{"line":145,"column":3}}},"10":{"name":"(anonymous_11)","decl":{"start":{"line":100,"column":6},"end":{"line":100,"column":7}},"loc":{"start":{"line":100,"column":17},"end":{"line":112,"column":7}}},"11":{"name":"(anonymous_12)","decl":{"start":{"line":113,"column":6},"end":{"line":113,"column":7}},"loc":{"start":{"line":113,"column":17},"end":{"line":113,"column":38}}},"12":{"name":"(anonymous_13)","decl":{"start":{"line":117,"column":6},"end":{"line":117,"column":7}},"loc":{"start":{"line":117,"column":20},"end":{"line":117,"column":28}}},"13":{"name":"(anonymous_14)","decl":{"start":{"line":118,"column":6},"end":{"line":118,"column":11}},"loc":{"start":{"line":118,"column":22},"end":{"line":138,"column":7}}},"14":{"name":"(anonymous_15)","decl":{"start":{"line":141,"column":11},"end":{"line":141,"column":14}},"loc":{"start":{"line":141,"column":16},"end":{"line":144,"column":5}}},"15":{"name":"(anonymous_16)","decl":{"start":{"line":148,"column":12},"end":{"line":148,"column":15}},"loc":{"start":{"line":148,"column":17},"end":{"line":150,"column":3}}},"16":{"name":"(anonymous_17)","decl":{"start":{"line":152,"column":20},"end":{"line":152,"column":25}},"loc":{"start":{"line":152,"column":31},"end":{"line":199,"column":3}}},"17":{"name":"(anonymous_18)","decl":{"start":{"line":201,"column":16},"end":{"line":201,"column":21}},"loc":{"start":{"line":201,"column":56},"end":{"line":225,"column":3}}},"18":{"name":"(anonymous_19)","decl":{"start":{"line":227,"column":17},"end":{"line":227,"column":22}},"loc":{"start":{"line":227,"column":28},"end":{"line":246,"column":3}}},"19":{"name":"(anonymous_20)","decl":{"start":{"line":248,"column":23},"end":{"line":248,"column":28}},"loc":{"start":{"line":248,"column":34},"end":{"line":270,"column":3}}},"20":{"name":"(anonymous_21)","decl":{"start":{"line":290,"column":23},"end":{"line":290,"column":43}},"loc":{"start":{"line":290,"column":45},"end":{"line":296,"column":1}}},"21":{"name":"(anonymous_22)","decl":{"start":{"line":299,"column":24},"end":{"line":299,"column":null}},"loc":{"start":{"line":302,"column":4},"end":{"line":338,"column":1}}},"22":{"name":"(anonymous_23)","decl":{"start":{"line":303,"column":9},"end":{"line":303,"column":10}},"loc":{"start":{"line":303,"column":22},"end":{"line":337,"column":3}}},"23":{"name":"(anonymous_24)","decl":{"start":{"line":341,"column":30},"end":{"line":341,"column":33}},"loc":{"start":{"line":341,"column":35},"end":{"line":362,"column":1}}},"24":{"name":"(anonymous_25)","decl":{"start":{"line":344,"column":24},"end":{"line":344,"column":25}},"loc":{"start":{"line":344,"column":71},"end":{"line":346,"column":3}}},"25":{"name":"(anonymous_26)","decl":{"start":{"line":348,"column":27},"end":{"line":348,"column":28}},"loc":{"start":{"line":348,"column":87},"end":{"line":350,"column":3}}},"26":{"name":"(anonymous_27)","decl":{"start":{"line":349,"column":36},"end":{"line":349,"column":46}},"loc":{"start":{"line":349,"column":50},"end":{"line":349,"column":75}}},"27":{"name":"(anonymous_28)","decl":{"start":{"line":352,"column":28},"end":{"line":352,"column":29}},"loc":{"start":{"line":352,"column":88},"end":{"line":354,"column":3}}},"28":{"name":"(anonymous_29)","decl":{"start":{"line":353,"column":37},"end":{"line":353,"column":47}},"loc":{"start":{"line":353,"column":51},"end":{"line":353,"column":76}}}},"branchMap":{"0":{"loc":{"start":{"line":53,"column":2},"end":{"line":55,"column":3}},"type":"if","locations":[{"start":{"line":53,"column":2},"end":{"line":55,"column":3}},{"start":{},"end":{}}]},"1":{"loc":{"start":{"line":81,"column":2},"end":{"line":81,"column":44}},"type":"if","locations":[{"start":{"line":81,"column":2},"end":{"line":81,"column":44}},{"start":{},"end":{}}]},"2":{"loc":{"start":{"line":81,"column":6},"end":{"line":81,"column":30}},"type":"binary-expr","locations":[{"start":{"line":81,"column":6},"end":{"line":81,"column":14}},{"start":{"line":81,"column":18},"end":{"line":81,"column":30}}]},"3":{"loc":{"start":{"line":102,"column":8},"end":{"line":104,"column":9}},"type":"if","locations":[{"start":{"line":102,"column":8},"end":{"line":104,"column":9}},{"start":{},"end":{}}]},"4":{"loc":{"start":{"line":107,"column":8},"end":{"line":109,"column":9}},"type":"if","locations":[{"start":{"line":107,"column":8},"end":{"line":109,"column":9}},{"start":{},"end":{}}]},"5":{"loc":{"start":{"line":121,"column":8},"end":{"line":135,"column":9}},"type":"if","locations":[{"start":{"line":121,"column":8},"end":{"line":135,"column":9}},{"start":{},"end":{}}]},"6":{"loc":{"start":{"line":121,"column":12},"end":{"line":121,"column":69}},"type":"binary-expr","locations":[{"start":{"line":121,"column":12},"end":{"line":121,"column":42}},{"start":{"line":121,"column":46},"end":{"line":121,"column":69}}]},"7":{"loc":{"start":{"line":127,"column":12},"end":{"line":130,"column":13}},"type":"if","locations":[{"start":{"line":127,"column":12},"end":{"line":130,"column":13}},{"start":{},"end":{}}]},"8":{"loc":{"start":{"line":157,"column":6},"end":{"line":178,"column":7}},"type":"if","locations":[{"start":{"line":157,"column":6},"end":{"line":178,"column":7}},{"start":{},"end":{}}]},"9":{"loc":{"start":{"line":157,"column":10},"end":{"line":157,"column":41}},"type":"binary-expr","locations":[{"start":{"line":157,"column":10},"end":{"line":157,"column":16}},{"start":{"line":157,"column":20},"end":{"line":157,"column":41}}]},"10":{"loc":{"start":{"line":160,"column":8},"end":{"line":177,"column":9}},"type":"if","locations":[{"start":{"line":160,"column":8},"end":{"line":177,"column":9}},{"start":{"line":171,"column":15},"end":{"line":177,"column":9}}]},"11":{"loc":{"start":{"line":160,"column":12},"end":{"line":160,"column":67}},"type":"binary-expr","locations":[{"start":{"line":160,"column":12},"end":{"line":160,"column":29}},{"start":{"line":160,"column":33},"end":{"line":160,"column":67}}]},"12":{"loc":{"start":{"line":221,"column":22},"end":{"line":221,"column":69}},"type":"binary-expr","locations":[{"start":{"line":221,"column":22},"end":{"line":221,"column":51}},{"start":{"line":221,"column":55},"end":{"line":221,"column":69}}]},"13":{"loc":{"start":{"line":232,"column":6},"end":{"line":237,"column":7}},"type":"if","locations":[{"start":{"line":232,"column":6},"end":{"line":237,"column":7}},{"start":{},"end":{}}]},"14":{"loc":{"start":{"line":232,"column":10},"end":{"line":232,"column":43}},"type":"binary-expr","locations":[{"start":{"line":232,"column":10},"end":{"line":232,"column":27}},{"start":{"line":232,"column":31},"end":{"line":232,"column":43}}]},"15":{"loc":{"start":{"line":251,"column":6},"end":{"line":253,"column":7}},"type":"if","locations":[{"start":{"line":251,"column":6},"end":{"line":253,"column":7}},{"start":{},"end":{}}]},"16":{"loc":{"start":{"line":292,"column":2},"end":{"line":294,"column":3}},"type":"if","locations":[{"start":{"line":292,"column":2},"end":{"line":294,"column":3}},{"start":{},"end":{}}]},"17":{"loc":{"start":{"line":306,"column":4},"end":{"line":312,"column":5}},"type":"if","locations":[{"start":{"line":306,"column":4},"end":{"line":312,"column":5}},{"start":{},"end":{}}]},"18":{"loc":{"start":{"line":314,"column":4},"end":{"line":323,"column":5}},"type":"if","locations":[{"start":{"line":314,"column":4},"end":{"line":323,"column":5}},{"start":{},"end":{}}]},"19":{"loc":{"start":{"line":325,"column":4},"end":{"line":334,"column":5}},"type":"if","locations":[{"start":{"line":325,"column":4},"end":{"line":334,"column":5}},{"start":{},"end":{}}]},"20":{"loc":{"start":{"line":325,"column":8},"end":{"line":325,"column":77}},"type":"binary-expr","locations":[{"start":{"line":325,"column":8},"end":{"line":325,"column":26}},{"start":{"line":325,"column":30},"end":{"line":325,"column":41}},{"start":{"line":325,"column":45},"end":{"line":325,"column":77}}]},"21":{"loc":{"start":{"line":345,"column":11},"end":{"line":345,"column":56}},"type":"cond-expr","locations":[{"start":{"line":345,"column":25},"end":{"line":345,"column":48}},{"start":{"line":345,"column":51},"end":{"line":345,"column":56}}]}},"s":{"0":1,"1":1,"2":1,"3":1,"4":1,"5":1,"6":1,"7":8,"8":1,"9":9,"10":1,"11":2,"12":1,"13":2,"14":2,"15":2,"16":1,"17":1,"18":8,"19":8,"20":8,"21":1,"22":7,"23":7,"24":7,"25":4,"26":72,"27":4,"28":3,"29":1,"30":7,"31":7,"32":3,"33":4,"34":4,"35":1,"36":19,"37":19,"38":19,"39":19,"40":19,"41":8,"42":0,"43":0,"44":0,"45":0,"46":0,"47":0,"48":0,"49":0,"50":8,"51":0,"52":0,"53":0,"54":0,"55":0,"56":0,"57":0,"58":0,"59":0,"60":0,"61":0,"62":0,"63":8,"64":8,"65":8,"66":19,"67":8,"68":19,"69":8,"70":8,"71":8,"72":8,"73":7,"74":7,"75":1,"76":1,"77":1,"78":0,"79":0,"80":0,"81":0,"82":0,"83":6,"84":6,"85":6,"86":6,"87":6,"88":1,"89":1,"90":1,"91":1,"92":0,"93":0,"94":0,"95":0,"96":0,"97":8,"98":19,"99":2,"100":2,"101":2,"102":1,"103":1,"104":1,"105":1,"106":1,"107":1,"108":1,"109":1,"110":2,"111":19,"112":1,"113":1,"114":1,"115":1,"116":0,"117":0,"118":1,"119":1,"120":1,"121":1,"122":19,"123":1,"124":1,"125":1,"126":0,"127":1,"128":1,"129":1,"130":1,"131":0,"132":0,"133":0,"134":0,"135":0,"136":19,"137":19,"138":1,"139":1,"140":21,"141":20,"142":2,"143":18,"144":1,"145":1,"146":0,"147":0,"148":0,"149":0,"150":0,"151":0,"152":0,"153":0,"154":0,"155":1,"156":1,"157":0,"158":0,"159":0,"160":0,"161":0,"162":0,"163":0,"164":0,"165":0,"166":0,"167":1,"168":1},"f":{"0":8,"1":9,"2":2,"3":2,"4":8,"5":7,"6":72,"7":7,"8":19,"9":8,"10":0,"11":0,"12":0,"13":0,"14":8,"15":8,"16":8,"17":2,"18":1,"19":1,"20":21,"21":0,"22":0,"23":0,"24":0,"25":0,"26":0,"27":0,"28":0},"b":{"0":[1,1],"1":[3,4],"2":[7,4],"3":[0,0],"4":[0,0],"5":[0,0],"6":[0,0],"7":[0,0],"8":[7,1],"9":[8,5],"10":[1,6],"11":[7,2],"12":[1,1],"13":[0,1],"14":[1,1],"15":[0,1],"16":[2,18],"17":[0,0],"18":[0,0],"19":[0,0],"20":[0,0,0],"21":[0,0]}}
,"/Users/rootadmin/es-nl2dsl/frontend/src/pages/EvaluationDashboard.tsx": {"path":"/Users/rootadmin/es-nl2dsl/frontend/src/pages/EvaluationDashboard.tsx","statementMap":{"0":{"start":{"line":1,"column":0},"end":{"line":1,"column":51}},"1":{"start":{"line":2,"column":0},"end":{"line":2,"column":78}},"2":{"start":{"line":3,"column":0},"end":{"line":3,"column":45}},"3":{"start":{"line":4,"column":0},"end":{"line":4,"column":null}},"4":{"start":{"line":8,"column":0},"end":{"line":8,"column":null}},"5":{"start":{"line":16,"column":0},"end":{"line":16,"column":85}},"6":{"start":{"line":66,"column":15},"end":{"line":66,"column":70}},"7":{"start":{"line":68,"column":38},"end":{"line":567,"column":1}},"8":{"start":{"line":69,"column":50},"end":{"line":69,"column":70}},"9":{"start":{"line":70,"column":46},"end":{"line":70,"column":77}},"10":{"start":{"line":71,"column":44},"end":{"line":71,"column":64}},"11":{"start":{"line":72,"column":42},"end":{"line":72,"column":54}},"12":{"start":{"line":73,"column":42},"end":{"line":73,"column":74}},"13":{"start":{"line":74,"column":36},"end":{"line":74,"column":65}},"14":{"start":{"line":75,"column":40},"end":{"line":75,"column":59}},"15":{"start":{"line":77,"column":22},"end":{"line":77,"column":38}},"16":{"start":{"line":80,"column":87},"end":{"line":85,"column":4}},"17":{"start":{"line":82,"column":19},"end":{"line":82,"column":54}},"18":{"start":{"line":88,"column":94},"end":{"line":93,"column":4}},"19":{"start":{"line":90,"column":25},"end":{"line":90,"column":27}},"20":{"start":{"line":96,"column":55},"end":{"line":103,"column":4}},"21":{"start":{"line":99,"column":23},"end":{"line":99,"column":65}},"22":{"start":{"line":100,"column":6},"end":{"line":100,"column":78}},"23":{"start":{"line":100,"column":24},"end":{"line":100,"column":78}},"24":{"start":{"line":101,"column":6},"end":{"line":101,"column":29}},"25":{"start":{"line":106,"column":32},"end":{"line":122,"column":4}},"26":{"start":{"line":108,"column":23},"end":{"line":112,"column":8}},"27":{"start":{"line":113,"column":6},"end":{"line":113,"column":68}},"28":{"start":{"line":113,"column":24},"end":{"line":113,"column":68}},"29":{"start":{"line":114,"column":6},"end":{"line":114,"column":29}},"30":{"start":{"line":117,"column":6},"end":{"line":117,"column":32}},"31":{"start":{"line":118,"column":6},"end":{"line":118,"column":34}},"32":{"start":{"line":119,"column":6},"end":{"line":119,"column":20}},"33":{"start":{"line":120,"column":6},"end":{"line":120,"column":74}},"34":{"start":{"line":125,"column":25},"end":{"line":157,"column":3}},"35":{"start":{"line":126,"column":4},"end":{"line":128,"column":5}},"36":{"start":{"line":127,"column":6},"end":{"line":127,"column":27}},"37":{"start":{"line":130,"column":15},"end":{"line":130,"column":75}},"38":{"start":{"line":132,"column":4},"end":{"line":134,"column":6}},"39":{"start":{"line":133,"column":6},"end":{"line":133,"column":64}},"40":{"start":{"line":136,"column":4},"end":{"line":149,"column":6}},"41":{"start":{"line":137,"column":19},"end":{"line":137,"column":41}},"42":{"start":{"line":139,"column":6},"end":{"line":148,"column":7}},"43":{"start":{"line":140,"column":8},"end":{"line":140,"column":43}},"44":{"start":{"line":141,"column":13},"end":{"line":148,"column":7}},"45":{"start":{"line":142,"column":8},"end":{"line":147,"column":9}},"46":{"start":{"line":143,"column":10},"end":{"line":143,"column":29}},"47":{"start":{"line":144,"column":10},"end":{"line":144,"column":28}},"48":{"start":{"line":145,"column":10},"end":{"line":145,"column":24}},"49":{"start":{"line":146,"column":10},"end":{"line":146,"column":78}},"50":{"start":{"line":151,"column":4},"end":{"line":154,"column":6}},"51":{"start":{"line":152,"column":6},"end":{"line":152,"column":44}},"52":{"start":{"line":153,"column":6},"end":{"line":153,"column":28}},"53":{"start":{"line":156,"column":4},"end":{"line":156,"column":24}},"54":{"start":{"line":159,"column":2},"end":{"line":165,"column":21}},"55":{"start":{"line":160,"column":4},"end":{"line":164,"column":6}},"56":{"start":{"line":161,"column":6},"end":{"line":163,"column":7}},"57":{"start":{"line":162,"column":8},"end":{"line":162,"column":29}},"58":{"start":{"line":168,"column":23},"end":{"line":168,"column":58}},"59":{"start":{"line":170,"column":18},"end":{"line":242,"column":4}},"60":{"start":{"line":174,"column":8},"end":{"line":175,"column":null}},"61":{"start":{"line":182,"column":8},"end":{"line":187,"column":null}},"62":{"start":{"line":194,"column":8},"end":{"line":199,"column":null}},"63":{"start":{"line":206,"column":8},"end":{"line":207,"column":null}},"64":{"start":{"line":214,"column":8},"end":{"line":217,"column":null}},"65":{"start":{"line":224,"column":8},"end":{"line":225,"column":null}},"66":{"start":{"line":232,"column":8},"end":{"line":238,"column":null}},"67":{"start":{"line":244,"column":16},"end":{"line":254,"column":4}},"68":{"start":{"line":257,"column":31},"end":{"line":262,"column":10}},"69":{"start":{"line":257,"column":125},"end":{"line":262,"column":4}},"70":{"start":{"line":264,"column":20},"end":{"line":268,"column":34}},"71":{"start":{"line":265,"column":17},"end":{"line":265,"column":65}},"72":{"start":{"line":266,"column":4},"end":{"line":266,"column":37}},"73":{"start":{"line":267,"column":4},"end":{"line":267,"column":15}},"74":{"start":{"line":270,"column":25},"end":{"line":273,"column":5}},"75":{"start":{"line":270,"column":75},"end":{"line":273,"column":4}},"76":{"start":{"line":275,"column":25},"end":{"line":278,"column":4}},"77":{"start":{"line":276,"column":46},"end":{"line":276,"column":65}},"78":{"start":{"line":277,"column":46},"end":{"line":277,"column":66}},"79":{"start":{"line":280,"column":2},"end":{"line":566,"column":4}},"80":{"start":{"line":381,"column":48},"end":{"line":381,"column":88}},"81":{"start":{"line":387,"column":20},"end":{"line":387,"column":48}},"82":{"start":{"line":407,"column":33},"end":{"line":407,"column":68}},"83":{"start":{"line":417,"column":18},"end":{"line":417,"column":53}},"84":{"start":{"line":430,"column":33},"end":{"line":430,"column":66}},"85":{"start":{"line":447,"column":33},"end":{"line":447,"column":65}},"86":{"start":{"line":456,"column":31},"end":{"line":460,"column":18}},"87":{"start":{"line":499,"column":35},"end":{"line":499,"column":66}},"88":{"start":{"line":504,"column":33},"end":{"line":504,"column":46}},"89":{"start":{"line":518,"column":18},"end":{"line":518,"column":null}},"90":{"start":{"line":520,"column":22},"end":{"line":521,"column":null}},"91":{"start":{"line":542,"column":18},"end":{"line":542,"column":35}},"92":{"start":{"line":544,"column":22},"end":{"line":545,"column":null}},"93":{"start":{"line":569,"column":0},"end":{"line":569,"column":35}}},"fnMap":{"0":{"name":"(anonymous_0)","decl":{"start":{"line":68,"column":38},"end":{"line":68,"column":41}},"loc":{"start":{"line":68,"column":43},"end":{"line":567,"column":1}}},"1":{"name":"(anonymous_1)","decl":{"start":{"line":82,"column":13},"end":{"line":82,"column":16}},"loc":{"start":{"line":82,"column":19},"end":{"line":82,"column":54}}},"2":{"name":"(anonymous_2)","decl":{"start":{"line":90,"column":13},"end":{"line":90,"column":18}},"loc":{"start":{"line":90,"column":25},"end":{"line":90,"column":27}}},"3":{"name":"(anonymous_3)","decl":{"start":{"line":98,"column":13},"end":{"line":98,"column":18}},"loc":{"start":{"line":98,"column":24},"end":{"line":102,"column":5}}},"4":{"name":"(anonymous_4)","decl":{"start":{"line":107,"column":16},"end":{"line":107,"column":21}},"loc":{"start":{"line":107,"column":111},"end":{"line":115,"column":5}}},"5":{"name":"(anonymous_5)","decl":{"start":{"line":116,"column":15},"end":{"line":116,"column":16}},"loc":{"start":{"line":116,"column":24},"end":{"line":121,"column":5}}},"6":{"name":"(anonymous_6)","decl":{"start":{"line":125,"column":25},"end":{"line":125,"column":26}},"loc":{"start":{"line":125,"column":43},"end":{"line":157,"column":3}}},"7":{"name":"(anonymous_7)","decl":{"start":{"line":132,"column":16},"end":{"line":132,"column":19}},"loc":{"start":{"line":132,"column":21},"end":{"line":134,"column":5}}},"8":{"name":"(anonymous_8)","decl":{"start":{"line":136,"column":19},"end":{"line":136,"column":20}},"loc":{"start":{"line":136,"column":29},"end":{"line":149,"column":5}}},"9":{"name":"(anonymous_9)","decl":{"start":{"line":151,"column":17},"end":{"line":151,"column":20}},"loc":{"start":{"line":151,"column":22},"end":{"line":154,"column":5}}},"10":{"name":"(anonymous_10)","decl":{"start":{"line":159,"column":12},"end":{"line":159,"column":15}},"loc":{"start":{"line":159,"column":17},"end":{"line":165,"column":3}}},"11":{"name":"(anonymous_11)","decl":{"start":{"line":160,"column":11},"end":{"line":160,"column":14}},"loc":{"start":{"line":160,"column":16},"end":{"line":164,"column":5}}},"12":{"name":"(anonymous_12)","decl":{"start":{"line":173,"column":12},"end":{"line":173,"column":16}},"loc":{"start":{"line":174,"column":8},"end":{"line":175,"column":null}}},"13":{"name":"(anonymous_13)","decl":{"start":{"line":181,"column":12},"end":{"line":181,"column":16}},"loc":{"start":{"line":182,"column":8},"end":{"line":187,"column":null}}},"14":{"name":"(anonymous_14)","decl":{"start":{"line":193,"column":12},"end":{"line":193,"column":16}},"loc":{"start":{"line":194,"column":8},"end":{"line":199,"column":null}}},"15":{"name":"(anonymous_15)","decl":{"start":{"line":205,"column":12},"end":{"line":205,"column":16}},"loc":{"start":{"line":206,"column":8},"end":{"line":207,"column":null}}},"16":{"name":"(anonymous_16)","decl":{"start":{"line":213,"column":12},"end":{"line":213,"column":16}},"loc":{"start":{"line":214,"column":8},"end":{"line":217,"column":null}}},"17":{"name":"(anonymous_17)","decl":{"start":{"line":223,"column":12},"end":{"line":223,"column":16}},"loc":{"start":{"line":224,"column":8},"end":{"line":225,"column":null}}},"18":{"name":"(anonymous_18)","decl":{"start":{"line":231,"column":12},"end":{"line":231,"column":16}},"loc":{"start":{"line":232,"column":8},"end":{"line":238,"column":null}}},"19":{"name":"(anonymous_19)","decl":{"start":{"line":257,"column":104},"end":{"line":257,"column":105}},"loc":{"start":{"line":257,"column":125},"end":{"line":262,"column":4}}},"20":{"name":"(anonymous_20)","decl":{"start":{"line":264,"column":32},"end":{"line":264,"column":33}},"loc":{"start":{"line":264,"column":45},"end":{"line":268,"column":3}}},"21":{"name":"(anonymous_21)","decl":{"start":{"line":270,"column":55},"end":{"line":270,"column":56}},"loc":{"start":{"line":270,"column":75},"end":{"line":273,"column":4}}},"22":{"name":"(anonymous_22)","decl":{"start":{"line":276,"column":41},"end":{"line":276,"column":42}},"loc":{"start":{"line":276,"column":46},"end":{"line":276,"column":65}}},"23":{"name":"(anonymous_23)","decl":{"start":{"line":277,"column":41},"end":{"line":277,"column":42}},"loc":{"start":{"line":277,"column":46},"end":{"line":277,"column":66}}},"24":{"name":"(anonymous_24)","decl":{"start":{"line":381,"column":25},"end":{"line":381,"column":26}},"loc":{"start":{"line":381,"column":48},"end":{"line":381,"column":88}}},"25":{"name":"(anonymous_25)","decl":{"start":{"line":386,"column":38},"end":{"line":386,"column":39}},"loc":{"start":{"line":387,"column":20},"end":{"line":387,"column":48}}},"26":{"name":"(anonymous_26)","decl":{"start":{"line":407,"column":26},"end":{"line":407,"column":27}},"loc":{"start":{"line":407,"column":33},"end":{"line":407,"column":68}}},"27":{"name":"(anonymous_27)","decl":{"start":{"line":416,"column":59},"end":{"line":416,"column":60}},"loc":{"start":{"line":417,"column":18},"end":{"line":417,"column":53}}},"28":{"name":"(anonymous_28)","decl":{"start":{"line":430,"column":26},"end":{"line":430,"column":27}},"loc":{"start":{"line":430,"column":33},"end":{"line":430,"column":66}}},"29":{"name":"(anonymous_29)","decl":{"start":{"line":447,"column":26},"end":{"line":447,"column":27}},"loc":{"start":{"line":447,"column":33},"end":{"line":447,"column":65}}},"30":{"name":"(anonymous_30)","decl":{"start":{"line":456,"column":25},"end":{"line":456,"column":28}},"loc":{"start":{"line":456,"column":31},"end":{"line":460,"column":18}}},"31":{"name":"(anonymous_31)","decl":{"start":{"line":499,"column":28},"end":{"line":499,"column":29}},"loc":{"start":{"line":499,"column":35},"end":{"line":499,"column":66}}},"32":{"name":"(anonymous_32)","decl":{"start":{"line":504,"column":27},"end":{"line":504,"column":30}},"loc":{"start":{"line":504,"column":33},"end":{"line":504,"column":46}}},"33":{"name":"(anonymous_33)","decl":{"start":{"line":517,"column":45},"end":{"line":517,"column":56}},"loc":{"start":{"line":518,"column":18},"end":{"line":518,"column":null}}},"34":{"name":"(anonymous_34)","decl":{"start":{"line":519,"column":45},"end":{"line":519,"column":51}},"loc":{"start":{"line":520,"column":22},"end":{"line":521,"column":null}}},"35":{"name":"(anonymous_35)","decl":{"start":{"line":541,"column":46},"end":{"line":541,"column":49}},"loc":{"start":{"line":542,"column":18},"end":{"line":542,"column":35}}},"36":{"name":"(anonymous_36)","decl":{"start":{"line":543,"column":47},"end":{"line":543,"column":51}},"loc":{"start":{"line":544,"column":22},"end":{"line":545,"column":null}}}},"branchMap":{"0":{"loc":{"start":{"line":80,"column":16},"end":{"line":80,"column":30}},"type":"default-arg","locations":[{"start":{"line":80,"column":28},"end":{"line":80,"column":30}}]},"1":{"loc":{"start":{"line":88,"column":16},"end":{"line":88,"column":25}},"type":"default-arg","locations":[{"start":{"line":88,"column":23},"end":{"line":88,"column":25}}]},"2":{"loc":{"start":{"line":100,"column":6},"end":{"line":100,"column":78}},"type":"if","locations":[{"start":{"line":100,"column":6},"end":{"line":100,"column":78}},{"start":{},"end":{}}]},"3":{"loc":{"start":{"line":113,"column":6},"end":{"line":113,"column":68}},"type":"if","locations":[{"start":{"line":113,"column":6},"end":{"line":113,"column":68}},{"start":{},"end":{}}]},"4":{"loc":{"start":{"line":126,"column":4},"end":{"line":128,"column":5}},"type":"if","locations":[{"start":{"line":126,"column":4},"end":{"line":128,"column":5}},{"start":{},"end":{}}]},"5":{"loc":{"start":{"line":139,"column":6},"end":{"line":148,"column":7}},"type":"if","locations":[{"start":{"line":139,"column":6},"end":{"line":148,"column":7}},{"start":{"line":141,"column":13},"end":{"line":148,"column":7}}]},"6":{"loc":{"start":{"line":140,"column":23},"end":{"line":140,"column":41}},"type":"binary-expr","locations":[{"start":{"line":140,"column":23},"end":{"line":140,"column":36}},{"start":{"line":140,"column":40},"end":{"line":140,"column":41}}]},"7":{"loc":{"start":{"line":141,"column":13},"end":{"line":148,"column":7}},"type":"if","locations":[{"start":{"line":141,"column":13},"end":{"line":148,"column":7}},{"start":{},"end":{}}]},"8":{"loc":{"start":{"line":142,"column":8},"end":{"line":147,"column":9}},"type":"if","locations":[{"start":{"line":142,"column":8},"end":{"line":147,"column":9}},{"start":{},"end":{}}]},"9":{"loc":{"start":{"line":142,"column":12},"end":{"line":142,"column":67}},"type":"binary-expr","locations":[{"start":{"line":142,"column":12},"end":{"line":142,"column":39}},{"start":{"line":142,"column":43},"end":{"line":142,"column":67}}]},"10":{"loc":{"start":{"line":161,"column":6},"end":{"line":163,"column":7}},"type":"if","locations":[{"start":{"line":161,"column":6},"end":{"line":163,"column":7}},{"start":{},"end":{}}]},"11":{"loc":{"start":{"line":183,"column":10},"end":{"line":185,"column":null}},"type":"cond-expr","locations":[{"start":{"line":183,"column":46},"end":{"line":183,"column":75}},{"start":{"line":184,"column":10},"end":{"line":185,"column":null}}]},"12":{"loc":{"start":{"line":184,"column":10},"end":{"line":185,"column":null}},"type":"cond-expr","locations":[{"start":{"line":184,"column":40},"end":{"line":184,"column":67}},{"start":{"line":185,"column":10},"end":{"line":185,"column":null}}]},"13":{"loc":{"start":{"line":195,"column":10},"end":{"line":197,"column":null}},"type":"cond-expr","locations":[{"start":{"line":195,"column":42},"end":{"line":195,"column":58}},{"start":{"line":196,"column":10},"end":{"line":197,"column":null}}]},"14":{"loc":{"start":{"line":195,"column":11},"end":{"line":195,"column":31}},"type":"binary-expr","locations":[{"start":{"line":195,"column":11},"end":{"line":195,"column":26}},{"start":{"line":195,"column":30},"end":{"line":195,"column":31}}]},"15":{"loc":{"start":{"line":196,"column":10},"end":{"line":197,"column":null}},"type":"cond-expr","locations":[{"start":{"line":196,"column":42},"end":{"line":196,"column":59}},{"start":{"line":197,"column":10},"end":{"line":197,"column":null}}]},"16":{"loc":{"start":{"line":196,"column":11},"end":{"line":196,"column":31}},"type":"binary-expr","locations":[{"start":{"line":196,"column":11},"end":{"line":196,"column":26}},{"start":{"line":196,"column":30},"end":{"line":196,"column":31}}]},"17":{"loc":{"start":{"line":199,"column":11},"end":{"line":199,"column":47}},"type":"binary-expr","locations":[{"start":{"line":199,"column":11},"end":{"line":199,"column":38}},{"start":{"line":199,"column":42},"end":{"line":199,"column":47}}]},"18":{"loc":{"start":{"line":207,"column":11},"end":{"line":207,"column":47}},"type":"binary-expr","locations":[{"start":{"line":207,"column":11},"end":{"line":207,"column":38}},{"start":{"line":207,"column":42},"end":{"line":207,"column":47}}]},"19":{"loc":{"start":{"line":215,"column":10},"end":{"line":215,"column":null}},"type":"cond-expr","locations":[{"start":{"line":215,"column":28},"end":{"line":215,"column":57}},{"start":{"line":215,"column":60},"end":{"line":215,"column":null}}]},"20":{"loc":{"start":{"line":217,"column":11},"end":{"line":217,"column":48}},"type":"cond-expr","locations":[{"start":{"line":217,"column":29},"end":{"line":217,"column":37}},{"start":{"line":217,"column":40},"end":{"line":217,"column":48}}]},"21":{"loc":{"start":{"line":225,"column":11},"end":{"line":225,"column":47}},"type":"binary-expr","locations":[{"start":{"line":225,"column":11},"end":{"line":225,"column":38}},{"start":{"line":225,"column":42},"end":{"line":225,"column":47}}]},"22":{"loc":{"start":{"line":233,"column":10},"end":{"line":236,"column":null}},"type":"cond-expr","locations":[{"start":{"line":233,"column":44},"end":{"line":233,"column":73}},{"start":{"line":234,"column":10},"end":{"line":236,"column":null}}]},"23":{"loc":{"start":{"line":234,"column":10},"end":{"line":236,"column":null}},"type":"cond-expr","locations":[{"start":{"line":234,"column":42},"end":{"line":234,"column":69}},{"start":{"line":235,"column":10},"end":{"line":236,"column":null}}]},"24":{"loc":{"start":{"line":235,"column":10},"end":{"line":236,"column":null}},"type":"cond-expr","locations":[{"start":{"line":235,"column":41},"end":{"line":235,"column":66}},{"start":{"line":236,"column":10},"end":{"line":236,"column":null}}]},"25":{"loc":{"start":{"line":257,"column":31},"end":{"line":262,"column":10}},"type":"cond-expr","locations":[{"start":{"line":257,"column":59},"end":{"line":262,"column":5}},{"start":{"line":262,"column":8},"end":{"line":262,"column":10}}]},"26":{"loc":{"start":{"line":266,"column":17},"end":{"line":266,"column":31}},"type":"binary-expr","locations":[{"start":{"line":266,"column":17},"end":{"line":266,"column":26}},{"start":{"line":266,"column":30},"end":{"line":266,"column":31}}]},"27":{"loc":{"start":{"line":295,"column":9},"end":{"line":350,"column":null}},"type":"binary-expr","locations":[{"start":{"line":295,"column":9},"end":{"line":295,"column":16}},{"start":{"line":296,"column":10},"end":{"line":349,"column":null}}]},"28":{"loc":{"start":{"line":412,"column":19},"end":{"line":414,"column":39}},"type":"cond-expr","locations":[{"start":{"line":412,"column":38},"end":{"line":412,"column":60}},{"start":{"line":413,"column":19},"end":{"line":414,"column":39}}]},"29":{"loc":{"start":{"line":413,"column":19},"end":{"line":414,"column":39}},"type":"cond-expr","locations":[{"start":{"line":413,"column":36},"end":{"line":413,"column":62}},{"start":{"line":414,"column":19},"end":{"line":414,"column":39}}]},"30":{"loc":{"start":{"line":416,"column":17},"end":{"line":420,"column":18}},"type":"binary-expr","locations":[{"start":{"line":416,"column":17},"end":{"line":416,"column":41}},{"start":{"line":416,"column":45},"end":{"line":420,"column":18}}]},"31":{"loc":{"start":{"line":461,"column":26},"end":{"line":461,"column":78}},"type":"binary-expr","locations":[{"start":{"line":461,"column":26},"end":{"line":461,"column":43}},{"start":{"line":461,"column":47},"end":{"line":461,"column":78}}]},"32":{"loc":{"start":{"line":464,"column":17},"end":{"line":467,"column":null}},"type":"cond-expr","locations":[{"start":{"line":465,"column":18},"end":{"line":465,"column":64}},{"start":{"line":467,"column":18},"end":{"line":467,"column":46}}]},"33":{"loc":{"start":{"line":469,"column":17},"end":{"line":469,"column":82}},"type":"cond-expr","locations":[{"start":{"line":469,"column":51},"end":{"line":469,"column":63}},{"start":{"line":469,"column":66},"end":{"line":469,"column":82}}]},"34":{"loc":{"start":{"line":475,"column":11},"end":{"line":487,"column":null}},"type":"binary-expr","locations":[{"start":{"line":475,"column":11},"end":{"line":475,"column":20}},{"start":{"line":476,"column":12},"end":{"line":486,"column":null}}]},"35":{"loc":{"start":{"line":498,"column":25},"end":{"line":498,"column":43}},"type":"binary-expr","locations":[{"start":{"line":498,"column":25},"end":{"line":498,"column":37}},{"start":{"line":498,"column":41},"end":{"line":498,"column":43}}]},"36":{"loc":{"start":{"line":525,"column":25},"end":{"line":529,"column":null}},"type":"cond-expr","locations":[{"start":{"line":526,"column":28},"end":{"line":526,"column":32}},{"start":{"line":527,"column":28},"end":{"line":529,"column":null}}]},"37":{"loc":{"start":{"line":531,"column":25},"end":{"line":534,"column":72}},"type":"binary-expr","locations":[{"start":{"line":531,"column":25},"end":{"line":534,"column":64}},{"start":{"line":534,"column":68},"end":{"line":534,"column":72}}]},"38":{"loc":{"start":{"line":557,"column":11},"end":{"line":561,"column":null}},"type":"binary-expr","locations":[{"start":{"line":557,"column":11},"end":{"line":557,"column":28}},{"start":{"line":557,"column":32},"end":{"line":557,"column":44}},{"start":{"line":558,"column":12},"end":{"line":560,"column":null}}]}},"s":{"0":0,"1":0,"2":0,"3":0,"4":0,"5":0,"6":0,"7":0,"8":0,"9":0,"10":0,"11":0,"12":0,"13":0,"14":0,"15":0,"16":0,"17":0,"18":0,"19":0,"20":0,"21":0,"22":0,"23":0,"24":0,"25":0,"26":0,"27":0,"28":0,"29":0,"30":0,"31":0,"32":0,"33":0,"34":0,"35":0,"36":0,"37":0,"38":0,"39":0,"40":0,"41":0,"42":0,"43":0,"44":0,"45":0,"46":0,"47":0,"48":0,"49":0,"50":0,"51":0,"52":0,"53":0,"54":0,"55":0,"56":0,"57":0,"58":0,"59":0,"60":0,"61":0,"62":0,"63":0,"64":0,"65":0,"66":0,"67":0,"68":0,"69":0,"70":0,"71":0,"72":0,"73":0,"74":0,"75":0,"76":0,"77":0,"78":0,"79":0,"80":0,"81":0,"82":0,"83":0,"84":0,"85":0,"86":0,"87":0,"88":0,"89":0,"90":0,"91":0,"92":0,"93":0},"f":{"0":0,"1":0,"2":0,"3":0,"4":0,"5":0,"6":0,"7":0,"8":0,"9":0,"10":0,"11":0,"12":0,"13":0,"14":0,"15":0,"16":0,"17":0,"18":0,"19":0,"20":0,"21":0,"22":0,"23":0,"24":0,"25":0,"26":0,"27":0,"28":0,"29":0,"30":0,"31":0,"32":0,"33":0,"34":0,"35":0,"36":0},"b":{"0":[0],"1":[0],"2":[0,0],"3":[0,0],"4":[0,0],"5":[0,0],"6":[0,0],"7":[0,0],"8":[0,0],"9":[0,0],"10":[0,0],"11":[0,0],"12":[0,0],"13":[0,0],"14":[0,0],"15":[0,0],"16":[0,0],"17":[0,0],"18":[0,0],"19":[0,0],"20":[0,0],"21":[0,0],"22":[0,0],"23":[0,0],"24":[0,0],"25":[0,0],"26":[0,0],"27":[0,0],"28":[0,0],"29":[
[...]
n":25},"end":{"line":679,"column":64}},{"start":{"line":679,"column":68},"end":{"line":679,"column":72}}]},"47":{"loc":{"start":{"line":702,"column":11},"end":{"line":706,"column":null}},"type":"binary-expr","locations":[{"start":{"line":702,"column":11},"end":{"line":702,"column":31}},{"start":{"line":702,"column":35},"end":{"line":702,"column":50}},{"start":{"line":703,"column":12},"end":{"line":705,"column":null}}]},"48":{"loc":{"start":{"line":711,"column":9},"end":{"line":772,"column":null}},"type":"binary-expr","locations":[{"start":{"line":711,"column":9},"end":{"line":711,"column":25}},{"start":{"line":712,"column":10},"end":{"line":771,"column":null}}]}},"s":{"0":0,"1":0,"2":0,"3":0,"4":0,"5":0,"6":0,"7":0,"8":0,"9":0,"10":0,"11":0,"12":0,"13":0,"14":0,"15":0,"16":0,"17":0,"18":0,"19":0,"20":0,"21":0,"22":0,"23":0,"24":0,"25":0,"26":0,"27":0,"28":0,"29":0,"30":0,"31":0,"32":0,"33":0,"34":0,"35":0,"36":0,"37":0,"38":0,"39":0,"40":0,"41":0,"42":0,"43":0,"44":0,"45":0,"46":0,"47":0,"48":0,"49":0,"50":0,"51":0,"52":0,"53":0,"54":0,"55":0,"56":0,"57":0,"58":0,"59":0,"60":0,"61":0,"62":0,"63":0,"64":0,"65":0,"66":0,"67":0,"68":0,"69":0,"70":0,"71":0,"72":0,"73":0,"74":0,"75":0,"76":0,"77":0,"78":0,"79":0,"80":0,"81":0,"82":0,"83":0,"84":0,"85":0,"86":0,"87":0,"88":0,"89":0,"90":0,"91":0,"92":0,"93":0,"94":0,"95":0,"96":0,"97":0,"98":0,"99":0,"100":0,"101":0,"102":0,"103":0,"104":0,"105":0,"106":0,"107":0,"108":0,"109":0,"110":0,"111":0,"112":0,"113":0,"114":0,"115":0,"116":0,"117":0,"118":0,"119":0,"120":0,"121":0,"122":0,"123":0,"124":0,"125":0,"126":0,"127":0,"128":0,"129":0,"130":0,"131":0,"132":0,"133":0},"f":{"0":0,"1":0,"2":0,"3":0,"4":0,"5":0,"6":0,"7":0,"8":0,"9":0,"10":0,"11":0,"12":0,"13":0,"14":0,"15":0,"16":0,"17":0,"18":0,"19":0,"20":0,"21":0,"22":0,"23":0,"24":0,"25":0,"26":0,"27":0,"28":0,"29":0,"30":0,"31":0,"32":0,"33":0,"34":0,"35":0,"36":0,"37":0,"38":0,"39":0,"40":0,"41":0,"42":0,"43":0,"44":0,"45":0,"46":0},"b":{"0":[0],"1":[0,0],"2":[0],"3":[0,0],"4":[0],"5":[0,0],"6":[0,0],"7":[0,0],"8":[0,0],"9":[0,0],"10":[0,0],"11":[0,0],"12":[0,0],"13":[0,0],"14":[0,0],"15":[0,0],"16":[0,0],"17":[0,0],"18":[0,0],"19":[0,0],"20":[0,0],"21":[0,0],"22":[0,0],"23":[0,0],"24":[0,0],"25":[0,0],"26":[0,0],"27":[0,0],"28":[0,0],"29":[0,0],"30":[0,0],"31":[0,0],"32":[0,0],"33":[0,0],"34":[0,0],"35":[0,0],"36":[0,0],"37":[0,0],"38":[0,0],"39":[0,0],"40":[0,0],"41":[0,0],"42":[0,0],"43":[0,0],"44":[0,0],"45":[0,0],"46":[0,0],"47":[0,0,0],"48":[0,0]}}
,"/Users/rootadmin/es-nl2dsl/frontend/src/services/api.ts": {"path":"/Users/rootadmin/es-nl2dsl/frontend/src/services/api.ts","statementMap":{"0":{"start":{"line":1,"column":0},"end":{"line":1,"column":26}},"1":{"start":{"line":3,"column":21},"end":{"line":3,"column":51}},"2":{"start":{"line":5,"column":12},"end":{"line":11,"column":2}},"3":{"start":{"line":14,"column":0},"end":{"line":23,"column":2}},"4":{"start":{"line":16,"column":18},"end":{"line":16,"column":64}},"5":{"start":{"line":17,"column":4},"end":{"line":19,"column":5}},"6":{"start":{"line":18,"column":6},"end":{"line":18,"column":55}},"7":{"start":{"line":20,"column":4},"end":{"line":20,"column":18}},"8":{"start":{"line":22,"column":13},"end":{"line":22,"column":34}},"9":{"start":{"line":26,"column":0},"end":{"line":60,"column":2}},"10":{"start":{"line":27,"column":16},"end":{"line":27,"column":24}},"11":{"start":{"line":29,"column":28},"end":{"line":29,"column":40}},"12":{"start":{"line":31,"column":4},"end":{"line":56,"column":5}},"13":{"start":{"line":32,"column":6},"end":{"line":32,"column":36}},"14":{"start":{"line":34,"column":27},"end":{"line":34,"column":74}},"15":{"start":{"line":35,"column":6},"end":{"line":55,"column":7}},"16":{"start":{"line":36,"column":8},"end":{"line":51,"column":9}},"17":{"start":{"line":37,"column":27},"end":{"line":39,"column":12}},"18":{"start":{"line":41,"column":29},"end":{"line":41,"column":42}},"19":{"start":{"line":42,"column":10},"end":{"line":42,"column":65}},"20":{"start":{"line":44,"column":10},"end":{"line":44,"column":69}},"21":{"start":{"line":45,"column":10},"end":{"line":45,"column":38}},"22":{"start":{"line":48,"column":10},"end":{"line":48,"column":60}},"23":{"start":{"line":49,"column":10},"end":{"line":49,"column":61}},"24":{"start":{"line":50,"column":10},"end":{"line":50,"column":42}},"25":{"start":{"line":54,"column":8},"end":{"line":54,"column":40}},"26":{"start":{"line":58,"column":4},"end":{"line":58,"column":33}},"27":{"start":{"line":102,"column":13},"end":{"line":298,"column":2}},"28":{"start":{"line":110,"column":21},"end":{"line":110,"column":54}},"29":{"start":{"line":111,"column":4},"end":{"line":111,"column":25}},"30":{"start":{"line":115,"column":21},"end":{"line":115,"column":57}},"31":{"start":{"line":116,"column":4},"end":{"line":116,"column":25}},"32":{"start":{"line":120,"column":21},"end":{"line":122,"column":6}},"33":{"start":{"line":123,"column":4},"end":{"line":123,"column":25}},"34":{"start":{"line":128,"column":21},"end":{"line":128,"column":53}},"35":{"start":{"line":129,"column":4},"end":{"line":129,"column":25}},"36":{"start":{"line":133,"column":21},"end":{"line":133,"column":54}},"37":{"start":{"line":134,"column":4},"end":{"line":134,"column":25}},"38":{"start":{"line":138,"column":21},"end":{"line":138,"column":54}},"39":{"start":{"line":139,"column":4},"end":{"line":139,"column":25}},"40":{"start":{"line":143,"column":21},"end":{"line":143,"column":50}},"41":{"start":{"line":144,"column":4},"end":{"line":144,"column":25}},"42":{"start":{"line":148,"column":21},"end":{"line":148,"column":68}},"43":{"start":{"line":149,"column":4},"end":{"line":149,"column":25}},"44":{"start":{"line":154,"column":21},"end":{"line":154,"column":60}},"45":{"start":{"line":155,"column":4},"end":{"line":155,"column":25}},"46":{"start":{"line":159,"column":21},"end":{"line":161,"column":6}},"47":{"start":{"line":162,"column":4},"end":{"line":162,"column":25}},"48":{"start":{"line":167,"column":21},"end":{"line":170,"column":6}},"49":{"start":{"line":171,"column":4},"end":{"line":171,"column":25}},"50":{"start":{"line":175,"column":21},"end":{"line":175,"column":63}},"51":{"start":{"line":176,"column":4},"end":{"line":176,"column":25}},"52":{"start":{"line":181,"column":21},"end":{"line":181,"column":64}},"53":{"start":{"line":182,"column":4},"end":{"line":182,"column":25}},"54":{"start":{"line":186,"column":21},"end":{"line":186,"column":56}},"55":{"start":{"line":187,"column":4},"end":{"line":187,"column":25}},"56":{"start":{"line":191,"column":21},"end":{"line":191,"column":66}},"57":{"start":{"line":192,"column":4},"end":{"line":192,"column":25}},"58":{"start":{"line":196,"column":21},"end":{"line":196,"column":64}},"59":{"start":{"line":197,"column":4},"end":{"line":197,"column":25}},"60":{"start":{"line":201,"column":21},"end":{"line":201,"column":52}},"61":{"start":{"line":202,"column":4},"end":{"line":202,"column":25}},"62":{"start":{"line":206,"column":21},"end":{"line":206,"column":56}},"63":{"start":{"line":207,"column":4},"end":{"line":207,"column":25}},"64":{"start":{"line":211,"column":16},"end":{"line":211,"column":66}},"65":{"start":{"line":212,"column":21},"end":{"line":212,"column":39}},"66":{"start":{"line":213,"column":4},"end":{"line":213,"column":25}},"67":{"start":{"line":217,"column":21},"end":{"line":217,"column":70}},"68":{"start":{"line":218,"column":4},"end":{"line":218,"column":25}},"69":{"start":{"line":222,"column":21},"end":{"line":222,"column":72}},"70":{"start":{"line":223,"column":4},"end":{"line":223,"column":25}},"71":{"start":{"line":228,"column":16},"end":{"line":228,"column":80}},"72":{"start":{"line":229,"column":21},"end":{"line":229,"column":39}},"73":{"start":{"line":230,"column":4},"end":{"line":230,"column":25}},"74":{"start":{"line":234,"column":21},"end":{"line":236,"column":6}},"75":{"start":{"line":237,"column":4},"end":{"line":237,"column":25}},"76":{"start":{"line":242,"column":16},"end":{"line":242,"column":76}},"77":{"start":{"line":243,"column":21},"end":{"line":243,"column":39}},"78":{"start":{"line":244,"column":4},"end":{"line":244,"column":25}},"79":{"start":{"line":248,"column":16},"end":{"line":248,"column":90}},"80":{"start":{"line":249,"column":21},"end":{"line":251,"column":6}},"81":{"start":{"line":252,"column":4},"end":{"line":252,"column":25}},"82":{"start":{"line":257,"column":21},"end":{"line":257,"column":52}},"83":{"start":{"line":258,"column":4},"end":{"line":258,"column":25}},"84":{"start":{"line":262,"column":21},"end":{"line":262,"column":65}},"85":{"start":{"line":263,"column":4},"end":{"line":263,"column":25}},"86":{"start":{"line":267,"column":21},"end":{"line":267,"column":55}},"87":{"start":{"line":268,"column":4},"end":{"line":268,"column":25}},"88":{"start":{"line":272,"column":21},"end":{"line":272,"column":71}},"89":{"start":{"line":273,"column":4},"end":{"line":273,"column":25}},"90":{"start":{"line":278,"column":16},"end":{"line":278,"column":90}},"91":{"start":{"line":279,"column":21},"end":{"line":279,"column":39}},"92":{"start":{"line":280,"column":4},"end":{"line":280,"column":25}},"93":{"start":{"line":284,"column":19},"end":{"line":284,"column":40}},"94":{"start":{"line":285,"column":4},"end":{"line":285,"column":48}},"95":{"start":{"line":285,"column":16},"end":{"line":285,"column":48}},"96":{"start":{"line":286,"column":4},"end":{"line":286,"column":53}},"97":{"start":{"line":286,"column":19},"end":{"line":286,"column":53}},"98":{"start":{"line":288,"column":21},"end":{"line":290,"column":6}},"99":{"start":{"line":291,"column":4},"end":{"line":291,"column":25}},"100":{"start":{"line":295,"column":21},"end":{"line":295,"column":61}},"101":{"start":{"line":296,"column":4},"end":{"line":296,"column":25}},"102":{"start":{"line":300,"column":0},"end":{"line":300,"column":19}}},"fnMap":{"0":{"name":"(anonymous_1)","decl":{"start":{"line":15,"column":2},"end":{"line":15,"column":3}},"loc":{"start":{"line":15,"column":13},"end":{"line":21,"column":3}}},"1":{"name":"(anonymous_2)","decl":{"start":{"line":22,"column":2},"end":{"line":22,"column":3}},"loc":{"start":{"line":22,"column":13},"end":{"line":22,"column":34}}},"2":{"name":"(anonymous_3)","decl":{"start":{"line":27,"column":2},"end":{"line":27,"column":3}},"loc":{"start":{"line":27,"column":16},"end":{"line":27,"column":24}}},"3":{"name":"(anonymous_4)","decl":{"start":{"line":28,"column":2},"end":{"line":28,"column":7}},"loc":{"start":{"line":28,"column":18},"end":{"line":59,"column":3}}},"4":{"name":"(anonymous_5)","decl":{"start":{"line":104,"column":17},"end":{"line":104,"column":22}},"loc":{"start":{"line":109,"column":53},"end":{"line":112,"column":3}}},"5":{"name":"(anonymous_6)","decl":{"start":{"line":114,"column":16},"end":{"line":114,"column":21}},"loc":{"start":{"line":114,"column":66},"end":{"line":117,"column":3}}},"6":{"name":"(anonymous_7)","decl":{"start":{"line":119,"column":16},"end":{"line":119,"column":21}},"loc":{"start":{"line":119,"column":57},"end":{"line":124,"column":3}}},"7":{"name":"(anonymous_8)","decl":{"start":{"line":127,"column":19},"end":{"line":127,"column":24}},"loc":{"start":{"line":127,"column":53},"end":{"line":130,"column":3}}},"8":{"name":"(anonymous_9)","decl":{"start":{"line":132,"column":23},"end":{"line":132,"column":28}},"loc":{"start":{"line":132,"column":53},"end":{"line":135,"column":3}}},"9":{"name":"(anonymous_10)","decl":{"start":{"line":137,"column":20},"end":{"line":137,"column":25}},"loc":{"start":{"line":137,"column":31},"end":{"line":140,"column":3}}},"10":{"name":"(anonymous_11)","decl":{"start":{"line":142,"column":25},"end":{"line":142,"column":30}},"loc":{"start":{"line":142,"column":36},"end":{"line":145,"column":3}}},"11":{"name":"(anonymous_12)","decl":{"start":{"line":147,"column":15},"end":{"line":147,"column":20}},"loc":{"start":{"line":147,"column":43},"end":{"line":150,"column":3}}},"12":{"name":"(anonymous_13)","decl":{"start":{"line":153,"column":26},"end":{"line":153,"column":31}},"loc":{"start":{"line":153,"column":37},"end":{"line":156,"column":3}}},"13":{"name":"(anonymous_14)","decl":{"start":{"line":158,"column":17},"end":{"line":158,"column":22}},"loc":{"start":{"line":158,"column":62},"end":{"line":163,"column":3}}},"14":{"name":"(anonymous_15)","decl":{"start":{"line":166,"column":19},"end":{"line":166,"column":24}},"loc":{"start":{"line":166,"column":75},"end":{"line":172,"column":3}}},"15":{"name":"(anonymous_16)","decl":{"start":{"line":174,"column":26},"end":{"line":174,"column":31}},"loc":{"start":{"line":174,"column":51},"end":{"line":177,"column":3}}},"16":{"name":"(anonymous_17)","decl":{"start":{"line":180,"column":9},"end":{"line":180,"column":14}},"loc":{"start":{"line":180,"column":68},"end":{"line":183,"column":3}}},"17":{"name":"(anonymous_18)","decl":{"start":{"line":185,"column":10},"end":{"line":185,"column":15}},"loc":{"start":{"line":185,"column":21},"end":{"line":188,"column":3}}},"18":{"name":"(anonymous_19)","decl":{"start":{"line":190,"column":16},"end":{"line":190,"column":21}},"loc":{"start":{"line":190,"column":42},"end":{"line":193,"column":3}}},"19":{"name":"(anonymous_20)","decl":{"start":{"line":195,"column":12},"end":{"line":195,"column":17}},"loc":{"start":{"line":195,"column":36},"end":{"line":198,"column":3}}},"20":{"name":"(anonymous_21)","decl":{"start":{"line":200,"column":18},"end":{"line":200,"column":23}},"loc":{"start":{"line":200,"column":29},"end":{"line":203,"column":3}}},"21":{"name":"(anonymous_22)","decl":{"start":{"line":205,"column":22},"end":{"line":205,"column":27}},"loc":{"start":{"line":205,"column":33},"end":{"line":208,"column":3}}},"22":{"name":"(anonymous_23)","decl":{"start":{"line":210,"column":12},"end":{"line":210,"column":17}},"loc":{"start":{"line":210,"column":38},"end":{"line":214,"column":3}}},"23":{"name":"(anonymous_24)","decl":{"start":{"line":216,"column":14},"end":{"line":216,"column":19}},"loc":{"start":{"line":216,"column":54},"end":{"line":219,"column":3}}},"24":{"name":"(anonymous_25)","decl":{"start":{"line":221,"column":13},"end":{"line":221,"column":18}},"loc":{"start":{"line":221,"column":53},"end":{"line":224,"column":3}}},"25":{"name":"(anonymous_26)","decl":{"start":{"line":227,"column":19},"end":{"line":227,"column":24}},"loc":{"start":{"line":227,"column":45},"end":{"line":231,"column":3}}},"26":{"name":"(anonymous_27)","decl":{"start":{"line":233,"column":17},"end":{"line":233,"column":22}},"loc":{"start":{"line":233,"column":45},"end":{"line":238,"column":3}}},"27":{"name":"(anonymous_28)","decl":{"start":{"line":241,"column":16},"end":{"line":241,"column":21}},"loc":{"start":{"line":241,"column":42},"end":{"line":245,"column":3}}},"28":{"name":"(anonymous_29)","decl":{"start":{"line":247,"column":19},"end":{"line":247,"column":24}},"loc":{"start":{"line":247,"column":45},"end":{"line":253,"column":3}}},"29":{"name":"(anonymous_30)","decl":{"start":{"line":256,"column":14},"end":{"line":256,"column":19}},"loc":{"start":{"line":256,"column":25},"end":{"line":259,"column":3}}},"30":{"name":"(anonymous_31)","decl":{"start":{"line":261,"column":16},"end":{"line":261,"column":21}},"loc":{"start":{"line":261,"column":42},"end":{"line":264,"column":3}}},"31":{"name":"(anonymous_32)","decl":{"start":{"line":266,"column":17},"end":{"line":266,"column":22}},"loc":{"start":{"line":266,"column":28},"end":{"line":269,"column":3}}},"32":{"name":"(anonymous_33)","decl":{"start":{"line":271,"column":19},"end":{"line":271,"column":24}},"loc":{"start":{"line":271,"column":48},"end":{"line":274,"column":3}}},"33":{"name":"(anonymous_34)","decl":{"start":{"line":277,"column":22},"end":{"line":277,"column":27}},"loc":{"start":{"line":277,"column":51},"end":{"line":281,"column":3}}},"34":{"name":"(anonymous_35)","decl":{"start":{"line":283,"column":25},"end":{"line":283,"column":30}},"loc":{"start":{"line":283,"column":71},"end":{"line":292,"column":3}}},"35":{"name":"(anonymous_36)","decl":{"start":{"line":294,"column":20},"end":{"line":294,"column":25}},"loc":{"start":{"line":294,"column":31},"end":{"line":297,"column":3}}}},"branchMap":{"0":{"loc":{"start":{"line":17,"column":4},"end":{"line":19,"column":5}},"type":"if","locations":[{"start":{"line":17,"column":4},"end":{"line":19,"column":5}},{"start":{},"end":{}}]},"1":{"loc":{"start":{"line":31,"column":4},"end":{"line":56,"column":5}},"type":"if","locations":[{"start":{"line":31,"column":4},"end":{"line":56,"column":5}},{"start":{},"end":{}}]},"2":{"loc":{"start":{"line":31,"column":8},"end":{"line":31,"column":65}},"type":"binary-expr","locations":[{"start":{"line":31,"column":8},"end":{"line":31,"column":38}},{"start":{"line":31,"column":42},"end":{"line":31,"column":65}}]},"3":{"loc":{"start":{"line":35,"column":6},"end":{"line":55,"column":7}},"type":"if","locations":[{"start":{"line":35,"column":6},"end":{"line":55,"column":7}},{"start":{"line":52,"column":13},"end":{"line":55,"column":7}}]},"4":{"loc":{"start":{"line":119,"column":39},"end":{"line":119,"column":53}},"type":"default-arg","locations":[{"start":{"line":119,"column":49},"end":{"line":119,"column":53}}]},"5":{"loc":{"start":{"line":166,"column":45},"end":{"line":166,"column":71}},"type":"default-arg","locations":[{"start":{"line":166,"column":56},"end":{"line":166,"column":71}}]},"6":{"loc":{"start":{"line":211,"column":16},"end":{"line":211,"column":66}},"type":"cond-expr","locations":[{"start":{"line":211,"column":25},"end":{"line":211,"column":49}},{"start":{"line":211,"column":52},"end":{"line":211,"column":66}}]},"7":{"loc":{"start":{"line":228,"column":16},"end":{"line":228,"column":80}},"type":"cond-expr","locations":[{"start":{"line":228,"column":25},"end":{"line":228,"column":60}},{"start":{"line":228,"column":63},"end":{"line":228,"column":80}}]},"8":{"loc":{"start":{"line":242,"column":16},"end":{"line":242,"column":76}},"type":"cond-expr","locations":[{"start":{"line":242,"column":25},"end":{"line":242,"column":54}},{"start":{"line":242,"column":57},"end":{"line":242,"column":76}}]},"9":{"loc":{"start":{"line":248,"column":16},"end":{"line":248,"column":90}},"type":"cond-expr","locations":[{"start":{"line":248,"column":25},"end":{"line":248,"column":61}},{"start":{"line":248,"column":64},"end":{"line":248,"column":90}}]},"10":{"loc":{"start":{"line":278,"column":16},"end":{"line":278,"column":90}},"type":"cond-expr","locations":[{"start":{"line":278,"column":28},"end":{"line":278,"column":67}},{"start":{"line":278,"column":70},"end":{"line":278,"column":90}}]},"11":{"loc":{"start":{"line":285,"column":4},"end":{"line":285,"column":48}},"type":"if","locations":[{"start":{"line":285,"column":4},"end":{"line":285,"column":48}},{"start":{},"end":{}}]},"12":{"loc":{"start":{"line":286,"column":4},"end":{"line":286,"column":53}},"type":"if","locations":[{"start":{"line":286,"column":4},"end":{"line":286,"column":53}},{"start":{},"end":{}}]}},"s":{"0":1,"1":1,"2":1,"3":1,"4":0,"5":0,"6":0,"7":0,"8":0,"9":1,"10":0,"11":0,"12":0,"13":0,"14":0,"15":0,"16":0,"17":0,"18":0,"19":0,"20":0,"21":0,"22":0,"23":0,"24":0,"25":0,"26":0,"27":1,"28":1,"29":1,"30":1,"31":1,"32":1,"33":1,"34":2,"35":1,"36":1,"37":1,"38":0,"39":0,"40":0,"41":0,"42":0,"43":0,"44":1,"45":1,"46":1,"47":1,"48":1,"49":1,"50":0,"51":0,"52":1,"53":1,"54":1,"55":1,"56":0,"57":0,"58":0,"59":0,"60":1,"61":1,"62":0,"63":0,"64":0,"65":0,"66":0,"67":0,"68":0,"69":0,"70":0,"71":0,"72":0,"73":0,"74":0,"75":0,"76":0,"77":0,"78":0,"79":0,"80":0,"81":0,"82":0,"83":0,"84":0,"85":0,"86":0,"87":0,"88":0,"89":0,"90":0,"91":0,"92":0,"93":0,"94":0,"95":0,"96":0,"97":0,"98":0,"99":0,"100":0,"101":0,"102":1},"f":{"0":0,"1":0,"2":0,"3":0,"4":1,"5":1,"6":1,"7":2,"8":1,"9":0,"10":0,"11":0,"12":1,"13":1,"14":1,"15":0,"16":1,"17":1,"18":0,"19":0,"20":1,"21":0,"22":0,"23":0,"24":0,"25":0,"26":0,"27":0,"28":0,"29":0,"30":0,"31":0,"32":0,"33":0,"34":0,"35":0},"b":{"0":[0,0],"1":[0,0],"2":[0,0],"3":[0,0],"4":[0],"5":[0],"6":[0,0],"7":[0,0],"8":[0,0],"9":[0,0],"10":[0,0],"11":[0,0],"12":[0,0]}}
}
