TN:
SF:src/App.tsx
FN:25,(anonymous_1)
FN:52,AppContent
FN:82,(anonymous_3)
FN:131,App
FNF:4
FNH:1
FNDA:0,(anonymous_1)
FNDA:0,AppContent
FNDA:0,(anonymous_3)
FNDA:45,App
DA:1,1
DA:2,1
DA:3,1
DA:13,1
DA:14,1
DA:15,1
DA:16,1
DA:17,1
DA:18,1
DA:19,1
DA:21,1
DA:27,0
DA:28,0
DA:31,0
DA:43,1
DA:53,0
DA:55,0
DA:56,0
DA:63,0
DA:64,0
DA:67,0
DA:83,0
DA:132,45
DA:143,1
LF:24
LH:14
BRDA:27,0,0,0
BRDA:27,0,1,0
BRDA:55,1,0,0
BRDA:55,1,1,0
BRDA:63,2,0,0
BRDA:63,2,1,0
BRF:6
BRH:0
end_of_record
TN:
SF:src/components/QueryBuilder.tsx
FN:57,(anonymous_0)
FN:76,(anonymous_1)
FN:78,(anonymous_2)
FN:87,(anonymous_3)
FN:105,(anonymous_4)
FN:106,(anonymous_5)
FN:110,(anonymous_6)
FN:124,(anonymous_7)
FN:125,(anonymous_8)
FN:129,(anonymous_9)
FN:145,(anonymous_10)
FN:154,(anonymous_11)
FN:172,(anonymous_12)
FN:173,(anonymous_13)
FN:177,(anonymous_14)
FN:191,(anonymous_15)
FN:192,(anonymous_16)
FN:205,(anonymous_17)
FN:206,(anonymous_18)
FN:221,(anonymous_19)
FN:252,(anonymous_20)
FN:254,(anonymous_21)
FN:259,(anonymous_22)
FN:273,(anonymous_23)
FN:283,(anonymous_24)
FN:287,(anonymous_25)
FN:292,(anonymous_26)
FN:300,(anonymous_27)
FN:304,(anonymous_28)
FN:311,(anonymous_29)
FN:315,(anonymous_30)
FN:326,(anonymous_31)
FN:340,(anonymous_32)
FN:350,(anonymous_33)
FN:358,(anonymous_34)
FN:369,(anonymous_35)
FN:387,(anonymous_36)
FN:394,(anonymous_37)
FN:402,(anonymous_38)
FN:415,(anonymous_39)
FN:416,(anonymous_40)
FN:441,(anonymous_41)
FN:450,(anonymous_42)
FN:460,(anonymous_43)
FN:493,(anonymous_44)
FN:501,(anonymous_45)
FN:510,(anonymous_46)
FNF:47
FNH:0
FNDA:0,(anonymous_0)
FNDA:0,(anonymous_1)
FNDA:0,(anonymous_2)
FNDA:0,(anonymous_3)
FNDA:0,(anonymous_4)
FNDA:0,(anonymous_5)
FNDA:0,(anonymous_6)
FNDA:0,(anonymous_7)
FNDA:0,(anonymous_8)
FNDA:0,(anonymous_9)
FNDA:0,(anonymous_10)
FNDA:0,(anonymous_11)
FNDA:0,(anonymous_12)
FNDA:0,(anonymous_13)
FNDA:0,(anonymous_14)
FNDA:0,(anonymous_15)
FNDA:0,(anonymous_16)
FNDA:0,(anonymous_17)
FNDA:0,(anonymous_18)
FNDA:0,(anonymous_19)
FNDA:0,(anonymous_20)
FNDA:0,(anonymous_21)
FNDA:0,(anonymous_22)
FNDA:0,(anonymous_23)
FNDA:0,(anonymous_24)
FNDA:0,(anonymous_25)
FNDA:0,(anonymous_26)
FNDA:0,(anonymous_27)
FNDA:0,(anonymous_28)
FNDA:0,(anonymous_29)
FNDA:0,(anonymous_30)
FNDA:0,(anonymous_31)
FNDA:0,(anonymous_32)
FNDA:0,(anonymous_33)
FNDA:0,(anonymous_34)
FNDA:0,(anonymous_35)
FNDA:0,(anonymous_36)
FNDA:0,(anonymous_37)
FNDA:0,(anonymous_38)
FNDA:0,(anonymous_39)
FNDA:0,(anonymous_40)
FNDA:0,(anonymous_41)
FNDA:0,(anonymous_42)
FNDA:0,(anonymous_43)
FNDA:0,(anonymous_44)
FNDA:0,(anonymous_45)
FNDA:0,(anonymous_46)
DA:1,0
DA:2,0
DA:28,0
DA:44,0
DA:52,0
DA:57,0
DA:64,0
DA:72,0
DA:73,0
DA:74,0
DA:76,0
DA:78,0
DA:79,0
DA:87,0
DA:88,0
DA:89,0
DA:94,0
DA:100,0
DA:101,0
DA:102,0
DA:105,0
DA:106,0
DA:107,0
DA:108,0
DA:110,0
DA:113,0
DA:119,0
DA:120,0
DA:121,0
DA:124,0
DA:125,0
DA:126,0
DA:127,0
DA:130,0
DA:134,0
DA:140,0
DA:141,0
DA:142,0
DA:145,0
DA:146,0
DA:154,0
DA:155,0
DA:156,0
DA:161,0
DA:167,0
DA:168,0
DA:169,0
DA:172,0
DA:173,0
DA:174,0
DA:175,0
DA:177,0
DA:180,0
DA:186,0
DA:187,0
DA:188,0
DA:191,0
DA:192,0
DA:193,0
DA:194,0
DA:196,0
DA:202,0
DA:205,0
DA:206,0
DA:207,0
DA:208,0
DA:210,0
DA:216,0
DA:217,0
DA:218,0
DA:221,0
DA:222,0
DA:224,0
DA:226,0
DA:228,0
DA:230,0
DA:232,0
DA:234,0
DA:236,0
DA:238,0
DA:239,0
DA:240,0
DA:242,0
DA:244,0
DA:246,0
DA:248,0
DA:252,0
DA:253,0
DA:254,0
DA:257,0
DA:259,0
DA:261,0
DA:263,0
DA:264,0
DA:266,0
DA:273,0
DA:274,0
DA:275,0
DA:280,0
DA:283,0
DA:284,0
DA:287,0
DA:288,0
DA:289,0
DA:292,0
DA:293,0
DA:294,0
DA:296,0
DA:300,0
DA:305,0
DA:311,0
DA:316,0
DA:326,0
DA:340,0
DA:350,0
DA:351,0
DA:353,0
DA:358,0
DA:369,0
DA:387,0
DA:394,0
DA:402,0
DA:415,0
DA:416,0
DA:429,0
DA:430,0
DA:435,0
DA:441,0
DA:450,0
DA:460,0
DA:493,0
DA:502,0
DA:503,0
DA:511,0
DA:512,0
DA:513,0
DA:528,0
LF:137
LH:0
BRDA:61,0,0,0
BRDA:62,1,0,0
BRDA:81,2,0,0
BRDA:81,2,1,0
BRDA:88,3,0,0
BRDA:88,3,1,0
BRDA:107,4,0,0
BRDA:107,4,1,0
BRDA:126,5,0,0
BRDA:126,5,1,0
BRDA:130,6,0,0
BRDA:130,6,1,0
BRDA:155,7,0,0
BRDA:155,7,1,0
BRDA:174,8,0,0
BRDA:174,8,1,0
BRDA:193,9,0,0
BRDA:193,9,1,0
BRDA:207,10,0,0
BRDA:207,10,1,0
BRDA:224,11,0,0
BRDA:224,11,1,0
BRDA:224,11,2,0
BRDA:224,11,3,0
BRDA:224,11,4,0
BRDA:224,11,5,0
BRDA:224,11,6,0
BRDA:224,11,7,0
BRDA:224,11,8,0
BRDA:224,11,9,0
BRDA:238,12,0,0
BRDA:238,12,1,0
BRDA:238,13,0,0
BRDA:238,13,1,0
BRDA:254,14,0,0
BRDA:254,14,1,0
BRDA:263,15,0,0
BRDA:263,15,1,0
BRDA:264,16,0,0
BRDA:264,16,1,0
BRDA:264,17,0,0
BRDA:264,17,1,0
BRDA:276,18,0,0
BRDA:276,18,1,0
BRDA:284,19,0,0
BRDA:284,19,1,0
BRDA:289,20,0,0
BRDA:289,20,1,0
BRDA:322,21,0,0
BRDA:322,21,1,0
BRDA:324,22,0,0
BRDA:324,22,1,0
BRDA:324,23,0,0
BRDA:324,23,1,0
BRDA:328,24,0,0
BRDA:328,24,1,0
BRDA:329,25,0,0
BRDA:329,25,1,0
BRDA:330,26,0,0
BRDA:330,26,1,0
BRDA:338,27,0,0
BRDA:338,27,1,0
BRDA:350,28,0,0
BRDA:361,29,0,0
BRDA:361,29,1,0
BRDA:384,30,0,0
BRDA:384,30,1,0
BRDA:400,31,0,0
BRDA:400,31,1,0
BRDA:413,32,0,0
BRDA:413,32,1,0
BRDA:418,33,0,0
BRDA:418,33,1,0
BRDA:418,33,2,0
BRDA:431,34,0,0
BRDA:431,34,1,0
BRDA:445,35,0,0
BRDA:445,35,1,0
BRDA:448,36,0,0
BRDA:448,36,1,0
BRDA:458,37,0,0
BRDA:458,37,1,0
BRDA:474,38,0,0
BRDA:474,38,1,0
BRDA:481,39,0,0
BRDA:481,39,1,0
BRF:86
BRH:0
end_of_record
TN:
SF:src/contexts/AuthContext.tsx
FN:46,(anonymous_1)
FN:47,(anonymous_2)
FN:48,(anonymous_3)
FN:50,(anonymous_4)
FN:58,(anonymous_5)
FN:65,(anonymous_6)
FN:69,(anonymous_7)
FN:79,(anonymous_8)
FN:91,(anonymous_9)
FN:98,(anonymous_10)
FN:100,(anonymous_11)
FN:113,(anonymous_12)
FN:117,(anonymous_13)
FN:118,(anonymous_14)
FN:141,(anonymous_15)
FN:148,(anonymous_16)
FN:152,(anonymous_17)
FN:201,(anonymous_18)
FN:227,(anonymous_19)
FN:248,(anonymous_20)
FN:290,(anonymous_21)
FN:299,(anonymous_22)
FN:303,(anonymous_23)
FN:341,(anonymous_24)
FN:344,(anonymous_25)
FN:348,(anonymous_26)
FN:349,(anonymous_27)
FN:352,(anonymous_28)
FN:353,(anonymous_29)
FNF:29
FNH:17
FNDA:8,(anonymous_1)
FNDA:9,(anonymous_2)
FNDA:2,(anonymous_3)
FNDA:2,(anonymous_4)
FNDA:8,(anonymous_5)
FNDA:7,(anonymous_6)
FNDA:72,(anonymous_7)
FNDA:7,(anonymous_8)
FNDA:19,(anonymous_9)
FNDA:8,(anonymous_10)
FNDA:0,(anonymous_11)
FNDA:0,(anonymous_12)
FNDA:0,(anonymous_13)
FNDA:0,(anonymous_14)
FNDA:8,(anonymous_15)
FNDA:8,(anonymous_16)
FNDA:8,(anonymous_17)
FNDA:2,(anonymous_18)
FNDA:1,(anonymous_19)
FNDA:1,(anonymous_20)
FNDA:21,(anonymous_21)
FNDA:0,(anonymous_22)
FNDA:0,(anonymous_23)
FNDA:0,(anonymous_24)
FNDA:0,(anonymous_25)
FNDA:0,(anonymous_26)
FNDA:0,(anonymous_27)
FNDA:0,(anonymous_28)
FNDA:0,(anonymous_29)
DA:1,1
DA:2,1
DA:39,1
DA:42,1
DA:43,1
DA:44,1
DA:46,8
DA:47,9
DA:48,2
DA:50,1
DA:51,2
DA:52,2
DA:53,2
DA:54,1
DA:58,1
DA:59,8
DA:60,8
DA:61,8
DA:65,1
DA:66,7
DA:67,7
DA:68,7
DA:69,4
DA:70,72
DA:72,4
DA:74,3
DA:79,1
DA:80,7
DA:81,7
DA:83,4
DA:84,4
DA:91,1
DA:92,19
DA:93,19
DA:94,19
DA:95,19
DA:98,19
DA:99,8
DA:101,0
DA:102,0
DA:103,0
DA:106,0
DA:107,0
DA:108,0
DA:111,0
DA:113,0
DA:116,8
DA:117,0
DA:119,0
DA:121,0
DA:122,0
DA:124,0
DA:125,0
DA:126,0
DA:127,0
DA:128,0
DA:129,0
DA:133,0
DA:137,0
DA:141,8
DA:142,8
DA:143,8
DA:148,19
DA:149,8
DA:152,19
DA:153,8
DA:154,8
DA:155,8
DA:157,8
DA:159,7
DA:160,7
DA:161,1
DA:162,1
DA:163,1
DA:165,0
DA:166,0
DA:167,0
DA:168,0
DA:169,0
DA:172,6
DA:173,6
DA:174,6
DA:175,6
DA:176,6
DA:181,1
DA:186,1
DA:187,1
DA:188,1
DA:191,0
DA:192,0
DA:193,0
DA:194,0
DA:195,0
DA:197,8
DA:201,19
DA:202,2
DA:203,2
DA:204,2
DA:206,1
DA:207,1
DA:210,1
DA:215,1
DA:216,1
DA:217,1
DA:220,1
DA:221,1
DA:223,2
DA:227,19
DA:228,1
DA:229,1
DA:230,1
DA:232,1
DA:233,0
DA:239,0
DA:241,1
DA:242,1
DA:243,1
DA:244,1
DA:248,19
DA:249,1
DA:250,1
DA:251,1
DA:252,0
DA:255,1
DA:259,1
DA:260,1
DA:262,1
DA:264,0
DA:265,0
DA:266,0
DA:267,0
DA:268,0
DA:272,19
DA:283,19
DA:290,1
DA:291,21
DA:292,20
DA:293,2
DA:295,18
DA:299,1
DA:303,0
DA:304,0
DA:306,0
DA:307,0
DA:314,0
DA:315,0
DA:325,0
DA:326,0
DA:336,0
DA:341,1
DA:342,0
DA:344,0
DA:345,0
DA:348,0
DA:349,0
DA:352,0
DA:353,0
DA:356,0
DA:364,1
LF:159
LH:104
BRDA:53,0,0,1
BRDA:53,0,1,1
BRDA:81,1,0,3
BRDA:81,1,1,4
BRDA:81,2,0,7
BRDA:81,2,1,4
BRDA:102,3,0,0
BRDA:102,3,1,0
BRDA:107,4,0,0
BRDA:107,4,1,0
BRDA:121,5,0,0
BRDA:121,5,1,0
BRDA:121,6,0,0
BRDA:121,6,1,0
BRDA:127,7,0,0
BRDA:127,7,1,0
BRDA:157,8,0,7
BRDA:157,8,1,1
BRDA:157,9,0,8
BRDA:157,9,1,5
BRDA:160,10,0,1
BRDA:160,10,1,6
BRDA:160,11,0,7
BRDA:160,11,1,2
BRDA:221,12,0,1
BRDA:221,12,1,1
BRDA:232,13,0,0
BRDA:232,13,1,1
BRDA:232,14,0,1
BRDA:232,14,1,1
BRDA:251,15,0,0
BRDA:251,15,1,1
BRDA:292,16,0,2
BRDA:292,16,1,18
BRDA:306,17,0,0
BRDA:306,17,1,0
BRDA:314,18,0,0
BRDA:314,18,1,0
BRDA:325,19,0,0
BRDA:325,19,1,0
BRDA:325,20,0,0
BRDA:325,20,1,0
BRDA:325,20,2,0
BRDA:345,21,0,0
BRDA:345,21,1,0
BRF:45
BRH:22
end_of_record
TN:
SF:src/pages/EvaluationDashboard.tsx
FN:68,(anonymous_0)
FN:82,(anonymous_1)
FN:90,(anonymous_2)
FN:98,(anonymous_3)
FN:107,(anonymous_4)
FN:116,(anonymous_5)
FN:125,(anonymous_6)
FN:132,(anonymous_7)
FN:136,(anonymous_8)
FN:151,(anonymous_9)
FN:159,(anonymous_10)
FN:160,(anonymous_11)
FN:173,(anonymous_12)
FN:181,(anonymous_13)
FN:193,(anonymous_14)
FN:205,(anonymous_15)
FN:213,(anonymous_16)
FN:223,(anonymous_17)
FN:231,(anonymous_18)
FN:257,(anonymous_19)
FN:264,(anonymous_20)
FN:270,(anonymous_21)
FN:276,(anonymous_22)
FN:277,(anonymous_23)
FN:381,(anonymous_24)
FN:386,(anonymous_25)
FN:407,(anonymous_26)
FN:416,(anonymous_27)
FN:430,(anonymous_28)
FN:447,(anonymous_29)
FN:456,(anonymous_30)
FN:499,(anonymous_31)
FN:504,(anonymous_32)
FN:517,(anonymous_33)
FN:519,(anonymous_34)
FN:541,(anonymous_35)
FN:543,(anonymous_36)
FNF:37
FNH:0
FNDA:0,(anonymous_0)
FNDA:0,(anonymous_1)
FNDA:0,(anonymous_2)
FNDA:0,(anonymous_3)
FNDA:0,(anonymous_4)
FNDA:0,(anonymous_5)
FNDA:0,(anonymous_6)
FNDA:0,(anonymous_7)
FNDA:0,(anonymous_8)
FNDA:0,(anonymous_9)
FNDA:0,(anonymous_10)
FNDA:0,(anonymous_11)
FNDA:0,(anonymous_12)
FNDA:0,(anonymous_13)
FNDA:0,(anonymous_14)
FNDA:0,(anonymous_15)
FNDA:0,(anonymous_16)
FNDA:0,(anonymous_17)
FNDA:0,(anonymous_18)
FNDA:0,(anonymous_19)
FNDA:0,(anonymous_20)
FNDA:0,(anonymous_21)
FNDA:0,(anonymous_22)
FNDA:0,(anonymous_23)
FNDA:0,(anonymous_24)
FNDA:0,(anonymous_25)
FNDA:0,(anonymous_26)
FNDA:0,(anonymous_27)
FNDA:0,(anonymous_28)
FNDA:0,(anonymous_29)
FNDA:0,(anonymous_30)
FNDA:0,(anonymous_31)
FNDA:0,(anonymous_32)
FNDA:0,(anonymous_33)
FNDA:0,(anonymous_34)
FNDA:0,(anonymous_35)
FNDA:0,(anonymous_36)
DA:1,0
DA:2,0
DA:3,0
DA:4,0
DA:8,0
DA:16,0
DA:66,0
DA:68,0
DA:69,0
DA:70,0
DA:71,0
DA:72,0
DA:73,0
DA:74,0
DA:75,0
DA:77,0
DA:80,0
DA:82,0
DA:88,0
DA:90,0
DA:96,0
DA:99,0
DA:100,0
DA:101,0
DA:106,0
DA:108,0
DA:113,0
DA:114,0
DA:117,0
DA:118,0
DA:119,0
DA:120,0
DA:125,0
DA:126,0
DA:127,0
DA:130,0
DA:132,0
DA:133,0
DA:136,0
DA:137,0
DA:139,0
DA:140,0
DA:141,0
DA:142,0
DA:143,0
DA:144,0
DA:145,0
DA:146,0
DA:151,0
DA:152,0
DA:153,0
DA:156,0
DA:159,0
DA:160,0
DA:161,0
DA:162,0
DA:168,0
DA:170,0
DA:174,0
DA:182,0
DA:194,0
DA:206,0
DA:214,0
DA:224,0
DA:232,0
DA:244,0
DA:257,0
DA:264,0
DA:265,0
DA:266,0
DA:267,0
DA:270,0
DA:275,0
DA:276,0
DA:277,0
DA:280,0
DA:381,0
DA:387,0
DA:407,0
DA:417,0
DA:430,0
DA:447,0
DA:456,0
DA:499,0
DA:504,0
DA:518,0
DA:520,0
DA:542,0
DA:544,0
DA:569,0
LF:90
LH:0
BRDA:80,0,0,0
BRDA:88,1,0,0
BRDA:100,2,0,0
BRDA:100,2,1,0
BRDA:113,3,0,0
BRDA:113,3,1,0
BRDA:126,4,0,0
BRDA:126,4,1,0
BRDA:139,5,0,0
BRDA:139,5,1,0
BRDA:140,6,0,0
BRDA:140,6,1,0
BRDA:141,7,0,0
BRDA:141,7,1,0
BRDA:142,8,0,0
BRDA:142,8,1,0
BRDA:142,9,0,0
BRDA:142,9,1,0
BRDA:161,10,0,0
BRDA:161,10,1,0
BRDA:183,11,0,0
BRDA:183,11,1,0
BRDA:184,12,0,0
BRDA:184,12,1,0
BRDA:195,13,0,0
BRDA:195,13,1,0
BRDA:195,14,0,0
BRDA:195,14,1,0
BRDA:196,15,0,0
BRDA:196,15,1,0
BRDA:196,16,0,0
BRDA:196,16,1,0
BRDA:199,17,0,0
BRDA:199,17,1,0
BRDA:207,18,0,0
BRDA:207,18,1,0
BRDA:215,19,0,0
BRDA:215,19,1,0
BRDA:217,20,0,0
BRDA:217,20,1,0
BRDA:225,21,0,0
BRDA:225,21,1,0
BRDA:233,22,0,0
BRDA:233,22,1,0
BRDA:234,23,0,0
BRDA:234,23,1,0
BRDA:235,24,0,0
BRDA:235,24,1,0
BRDA:257,25,0,0
BRDA:257,25,1,0
BRDA:266,26,0,0
BRDA:266,26,1,0
BRDA:295,27,0,0
BRDA:295,27,1,0
BRDA:412,28,0,0
BRDA:412,28,1,0
BRDA:413,29,0,0
BRDA:413,29,1,0
BRDA:416,30,0,0
BRDA:416,30,1,0
BRDA:461,31,0,0
BRDA:461,31,1,0
BRDA:464,32,0,0
BRDA:464,32,1,0
BRDA:469,33,0,0
BRDA:469,33,1,0
BRDA:475,34,0,0
BRDA:475,34,1,0
BRDA:498,35,0,0
BRDA:498,35,1,0
BRDA:525,36,0,0
BRDA:525,36,1,0
BRDA:531,37,0,0
BRDA:531,37,1,0
BRDA:557,38,0,0
BRDA:557,38,1,0
BRDA:557,38,2,0
BRF:77
BRH:0
end_of_record
TN:
SF:src/pages/Login.tsx
FN:8,(anonymous_0)
FN:19,(anonymous_1)
FN:25,(anonymous_2)
FN:40,(anonymous_3)
FN:150,(anonymous_4)
FNF:5
FNH:0
FNDA:0,(anonymous_0)
FNDA:0,(anonymous_1)
FNDA:0,(anonymous_2)
FNDA:0,(anonymous_3)
FNDA:0,(anonymous_4)
DA:1,0
DA:2,0
DA:3,0
DA:8,0
DA:9,0
DA:10,0
DA:14,0
DA:15,0
DA:16,0
DA:19,0
DA:20,0
DA:21,0
DA:25,0
DA:26,0
DA:27,0
DA:28,0
DA:30,0
DA:31,0
DA:34,0
DA:36,0
DA:40,0
DA:41,0
DA:47,0
DA:48,0
DA:58,0
DA:150,0
DA:223,0
LF:27
LH:0
BRDA:20,0,0,0
BRDA:20,0,1,0
BRDA:34,1,0,0
BRDA:34,1,1,0
BRDA:47,2,0,0
BRDA:47,2,1,0
BRDA:96,3,0,0
BRDA:96,3,1,0
BRDA:139,4,0,0
BRDA:139,4,1,0
BRDA:152,5,0,0
BRDA:152,5,1,0
BRDA:171,6,0,0
BRDA:171,6,1,0
BRDA:171,6,2,0
BRDA:174,7,0,0
BRDA:174,7,1,0
BRF:17
BRH:0
end_of_record
TN:
SF:src/pages/PrivacyAnalysis.tsx
FN:3,(anonymous_0)
FNF:1
FNH:0
FNDA:0,(anonymous_0)
DA:3,0
DA:4,0
DA:16,0
LF:3
LH:0
BRF:0
BRH:0
end_of_record
TN:
SF:src/pages/SecurityTesting.tsx
FN:89,(anonymous_0)
FN:106,(anonymous_1)
FN:116,(anonymous_2)
FN:126,(anonymous_3)
FN:136,(anonymous_4)
FN:145,(anonymous_5)
FN:160,(anonymous_6)
FN:170,(anonymous_7)
FN:186,(anonymous_8)
FN:193,(anonymous_9)
FN:200,(anonymous_10)
FN:204,(anonymous_11)
FN:220,(anonymous_12)
FN:228,(anonymous_13)
FN:229,(anonymous_14)
FN:242,(anonymous_15)
FN:250,(anonymous_16)
FN:263,(anonymous_17)
FN:276,(anonymous_18)
FN:286,(anonymous_19)
FN:296,(anonymous_20)
FN:310,(anonymous_21)
FN:331,(anonymous_22)
FN:336,(anonymous_23)
FN:341,(anonymous_24)
FN:346,(anonymous_25)
FN:352,(anonymous_26)
FN:364,(anonymous_27)
FN:369,(anonymous_28)
FN:456,(anonymous_29)
FN:461,(anonymous_30)
FN:504,(anonymous_31)
FN:520,(anonymous_32)
FN:533,(anonymous_33)
FN:550,(anonymous_34)
FN:562,(anonymous_35)
FN:567,(anonymous_36)
FN:571,(anonymous_37)
FN:589,(anonymous_38)
FN:600,(anonymous_39)
FN:644,(anonymous_40)
FN:649,(anonymous_41)
FN:662,(anonymous_42)
FN:664,(anonymous_43)
FN:686,(anonymous_44)
FN:688,(anonymous_45)
FN:759,(anonymous_46)
FNF:47
FNH:0
FNDA:0,(anonymous_0)
FNDA:0,(anonymous_1)
FNDA:0,(anonymous_2)
FNDA:0,(anonymous_3)
FNDA:0,(anonymous_4)
FNDA:0,(anonymous_5)
FNDA:0,(anonymous_6)
FNDA:0,(anonymous_7)
FNDA:0,(anonymous_8)
FNDA:0,(anonymous_9)
FNDA:0,(anonymous_10)
FNDA:0,(anonymous_11)
FNDA:0,(anonymous_12)
FNDA:0,(anonymous_13)
FNDA:0,(anonymous_14)
FNDA:0,(anonymous_15)
FNDA:0,(anonymous_16)
FNDA:0,(anonymous_17)
FNDA:0,(anonymous_18)
FNDA:0,(anonymous_19)
FNDA:0,(anonymous_20)
FNDA:0,(anonymous_21)
FNDA:0,(anonymous_22)
FNDA:0,(anonymous_23)
FNDA:0,(anonymous_24)
FNDA:0,(anonymous_25)
FNDA:0,(anonymous_26)
FNDA:0,(anonymous_27)
FNDA:0,(anonymous_28)
FNDA:0,(anonymous_29)
FNDA:0,(anonymous_30)
FNDA:0,(anonymous_31)
FNDA:0,(anonymous_32)
FNDA:0,(anonymous_33)
FNDA:0,(anonymous_34)
FNDA:0,(anonymous_35)
FNDA:0,(anonymous_36)
FNDA:0,(anonymous_37)
FNDA:0,(anonymous_38)
FNDA:0,(anonymous_39)
FNDA:0,(anonymous_40)
FNDA:0,(anonymous_41)
FNDA:0,(anonymous_42)
FNDA:0,(anonymous_43)
FNDA:0,(anonymous_44)
FNDA:0,(anonymous_45)
FNDA:0,(anonymous_46)
DA:1,0
DA:2,0
DA:3,0
DA:7,0
DA:15,0
DA:81,0
DA:82,0
DA:89,0
DA:90,0
DA:91,0
DA:92,0
DA:93,0
DA:94,0
DA:95,0
DA:96,0
DA:97,0
DA:98,0
DA:99,0
DA:101,0
DA:104,0
DA:107,0
DA:108,0
DA:109,0
DA:114,0
DA:117,0
DA:118,0
DA:119,0
DA:124,0
DA:127,0
DA:128,0
DA:129,0
DA:134,0
DA:137,0
DA:138,0
DA:139,0
DA:144,0
DA:152,0
DA:157,0
DA:158,0
DA:161,0
DA:162,0
DA:163,0
DA:164,0
DA:169,0
DA:178,0
DA:183,0
DA:184,0
DA:187,0
DA:188,0
DA:193,0
DA:194,0
DA:195,0
DA:198,0
DA:200,0
DA:201,0
DA:204,0
DA:205,0
DA:207,0
DA:208,0
DA:209,0
DA:210,0
DA:211,0
DA:212,0
DA:213,0
DA:214,0
DA:215,0
DA:220,0
DA:221,0
DA:222,0
DA:225,0
DA:228,0
DA:229,0
DA:230,0
DA:231,0
DA:237,0
DA:239,0
DA:243,0
DA:251,0
DA:264,0
DA:277,0
DA:287,0
DA:297,0
DA:311,0
DA:318,0
DA:331,0
DA:332,0
DA:333,0
DA:336,0
DA:341,0
DA:342,0
DA:343,0
DA:346,0
DA:352,0
DA:353,0
DA:354,0
DA:355,0
DA:357,0
DA:358,0
DA:359,0
DA:361,0
DA:364,0
DA:369,0
DA:371,0
DA:456,0
DA:462,0
DA:504,0
DA:520,0
DA:533,0
DA:550,0
DA:563,0
DA:568,0
DA:569,0
DA:571,0
DA:589,0
DA:600,0
DA:644,0
DA:649,0
DA:663,0
DA:665,0
DA:687,0
DA:689,0
DA:759,0
DA:779,0
LF:123
LH:0
BRDA:104,0,0,0
BRDA:108,1,0,0
BRDA:108,1,1,0
BRDA:114,2,0,0
BRDA:118,3,0,0
BRDA:118,3,1,0
BRDA:124,4,0,0
BRDA:128,5,0,0
BRDA:128,5,1,0
BRDA:138,6,0,0
BRDA:138,6,1,0
BRDA:157,7,0,0
BRDA:157,7,1,0
BRDA:183,8,0,0
BRDA:183,8,1,0
BRDA:194,9,0,0
BRDA:194,9,1,0
BRDA:207,10,0,0
BRDA:207,10,1,0
BRDA:208,11,0,0
BRDA:208,11,1,0
BRDA:209,12,0,0
BRDA:209,12,1,0
BRDA:210,13,0,0
BRDA:210,13,1,0
BRDA:210,14,0,0
BRDA:210,14,1,0
BRDA:230,15,0,0
BRDA:230,15,1,0
BRDA:252,16,0,0
BRDA:252,16,1,0
BRDA:253,17,0,0
BRDA:253,17,1,0
BRDA:254,18,0,0
BRDA:254,18,1,0
BRDA:265,19,0,0
BRDA:265,19,1,0
BRDA:266,20,0,0
BRDA:266,20,1,0
BRDA:267,21,0,0
BRDA:267,21,1,0
BRDA:278,22,0,0
BRDA:278,22,1,0
BRDA:280,23,0,0
BRDA:280,23,1,0
BRDA:288,24,0,0
BRDA:288,24,1,0
BRDA:290,25,0,0
BRDA:290,25,1,0
BRDA:298,26,0,0
BRDA:298,26,1,0
BRDA:299,27,0,0
BRDA:299,27,1,0
BRDA:300,28,0,0
BRDA:300,28,1,0
BRDA:301,29,0,0
BRDA:301,29,1,0
BRDA:304,30,0,0
BRDA:304,30,1,0
BRDA:312,31,0,0
BRDA:312,31,1,0
BRDA:332,32,0,0
BRDA:332,32,1,0
BRDA:342,33,0,0
BRDA:342,33,1,0
BRDA:349,34,0,0
BRDA:349,34,1,0
BRDA:354,35,0,0
BRDA:354,35,1,0
BRDA:358,36,0,0
BRDA:358,36,1,0
BRDA:366,37,0,0
BRDA:366,37,1,0
BRDA:386,38,0,0
BRDA:386,38,1,0
BRDA:568,39,0,0
BRDA:568,39,1,0
BRDA:607,40,0,0
BRDA:607,40,1,0
BRDA:610,41,0,0
BRDA:610,41,1,0
BRDA:615,42,0,0
BRDA:615,42,1,0
BRDA:620,43,0,0
BRDA:620,43,1,0
BRDA:643,44,0,0
BRDA:643,44,1,0
BRDA:670,45,0,0
BRDA:670,45,1,0
BRDA:676,46,0,0
BRDA:676,46,1,0
BRDA:702,47,0,0
BRDA:702,47,1,0
BRDA:702,47,2,0
BRDA:711,48,0,0
BRDA:711,48,1,0
BRF:96
BRH:0
end_of_record
TN:
SF:src/services/api.ts
FN:15,(anonymous_1)
FN:22,(anonymous_2)
FN:27,(anonymous_3)
FN:28,(anonymous_4)
FN:104,(anonymous_5)
FN:114,(anonymous_6)
FN:119,(anonymous_7)
FN:127,(anonymous_8)
FN:132,(anonymous_9)
FN:137,(anonymous_10)
FN:142,(anonymous_11)
FN:147,(anonymous_12)
FN:153,(anonymous_13)
FN:158,(anonymous_14)
FN:166,(anonymous_15)
FN:174,(anonymous_16)
FN:180,(anonymous_17)
FN:185,(anonymous_18)
FN:190,(anonymous_19)
FN:195,(anonymous_20)
FN:200,(anonymous_21)
FN:205,(anonymous_22)
FN:210,(anonymous_23)
FN:216,(anonymous_24)
FN:221,(anonymous_25)
FN:227,(anonymous_26)
FN:233,(anonymous_27)
FN:241,(anonymous_28)
FN:247,(anonymous_29)
FN:256,(anonymous_30)
FN:261,(anonymous_31)
FN:266,(anonymous_32)
FN:271,(anonymous_33)
FN:277,(anonymous_34)
FN:283,(anonymous_35)
FN:294,(anonymous_36)
FNF:36
FNH:11
FNDA:0,(anonymous_1)
FNDA:0,(anonymous_2)
FNDA:0,(anonymous_3)
FNDA:0,(anonymous_4)
FNDA:1,(anonymous_5)
FNDA:1,(anonymous_6)
FNDA:1,(anonymous_7)
FNDA:2,(anonymous_8)
FNDA:1,(anonymous_9)
FNDA:0,(anonymous_10)
FNDA:0,(anonymous_11)
FNDA:0,(anonymous_12)
FNDA:1,(anonymous_13)
FNDA:1,(anonymous_14)
FNDA:1,(anonymous_15)
FNDA:0,(anonymous_16)
FNDA:1,(anonymous_17)
FNDA:1,(anonymous_18)
FNDA:0,(anonymous_19)
FNDA:0,(anonymous_20)
FNDA:1,(anonymous_21)
FNDA:0,(anonymous_22)
FNDA:0,(anonymous_23)
FNDA:0,(anonymous_24)
FNDA:0,(anonymous_25)
FNDA:0,(anonymous_26)
FNDA:0,(anonymous_27)
FNDA:0,(anonymous_28)
FNDA:0,(anonymous_29)
FNDA:0,(anonymous_30)
FNDA:0,(anonymous_31)
FNDA:0,(anonymous_32)
FNDA:0,(anonymous_33)
FNDA:0,(anonymous_34)
FNDA:0,(anonymous_35)
FNDA:0,(anonymous_36)
DA:1,1
DA:3,1
DA:5,1
DA:14,1
DA:16,0
DA:17,0
DA:18,0
DA:20,0
DA:22,0
DA:26,1
DA:27,0
DA:29,0
DA:31,0
DA:32,0
DA:34,0
DA:35,0
DA:36,0
DA:37,0
DA:41,0
DA:42,0
DA:44,0
DA:45,0
DA:48,0
DA:49,0
DA:50,0
DA:54,0
DA:58,0
DA:102,1
DA:110,1
DA:111,1
DA:115,1
DA:116,1
DA:120,1
DA:123,1
DA:128,2
DA:129,1
DA:133,1
DA:134,1
DA:138,0
DA:139,0
DA:143,0
DA:144,0
DA:148,0
DA:149,0
DA:154,1
DA:155,1
DA:159,1
DA:162,1
DA:167,1
DA:171,1
DA:175,0
DA:176,0
DA:181,1
DA:182,1
DA:186,1
DA:187,1
DA:191,0
DA:192,0
DA:196,0
DA:197,0
DA:201,1
DA:202,1
DA:206,0
DA:207,0
DA:211,0
DA:212,0
DA:213,0
DA:217,0
DA:218,0
DA:222,0
DA:223,0
DA:228,0
DA:229,0
DA:230,0
DA:234,0
DA:237,0
DA:242,0
DA:243,0
DA:244,0
DA:248,0
DA:249,0
DA:252,0
DA:257,0
DA:258,0
DA:262,0
DA:263,0
DA:267,0
DA:268,0
DA:272,0
DA:273,0
DA:278,0
DA:279,0
DA:280,0
DA:284,0
DA:285,0
DA:286,0
DA:288,0
DA:291,0
DA:295,0
DA:296,0
DA:300,1
LF:101
LH:29
BRDA:17,0,0,0
BRDA:17,0,1,0
BRDA:31,1,0,0
BRDA:31,1,1,0
BRDA:31,2,0,0
BRDA:31,2,1,0
BRDA:35,3,0,0
BRDA:35,3,1,0
BRDA:119,4,0,0
BRDA:166,5,0,0
BRDA:211,6,0,0
BRDA:211,6,1,0
BRDA:228,7,0,0
BRDA:228,7,1,0
BRDA:242,8,0,0
BRDA:242,8,1,0
BRDA:248,9,0,0
BRDA:248,9,1,0
BRDA:278,10,0,0
BRDA:278,10,1,0
BRDA:285,11,0,0
BRDA:285,11,1,0
BRDA:286,12,0,0
BRDA:286,12,1,0
BRF:24
BRH:0
end_of_record
